<?xml version="1.0" encoding="utf-8"?><testsuites name="pytest tests"><testsuite name="pytest" errors="0" failures="0" skipped="2" tests="10" time="3.438" timestamp="2026-08-28T15:35:56.800492+00:00" hostname="agent-env-2b646eb6-8851-4d2e-bb93-30813a461651"><testcase classname="backend.tests.test_attendance.TestAgentAttendance" name="test_today_status" time="0.939" /><testcase classname="backend.tests.test_attendance.TestAgentAttendance" name="test_check_in_out_flow" time="0.326"><skipped type="pytest.skip" message="Office mode check-in requires location/office: {&quot;detail&quot;:&quot;No office location configured. Contact admin.&quot;}">/app/backend/tests/test_attendance.py:79: Office mode check-in requires location/office: {"detail":"No office location configured. Contact admin."}</skipped></testcase><testcase classname="backend.tests.test_attendance.TestAgentAttendance" name="test_double_checkout_prevented" time="0.145"><skipped type="pytest.skip" message="not checked out yet">/app/backend/tests/test_attendance.py:110: not checked out yet</skipped></testcase><testcase classname="backend.tests.test_attendance.TestAdminAttendance" name="test_admin_summary" time="0.546" /><testcase classname="backend.tests.test_attendance.TestAdminAttendance" name="test_admin_today_list" time="0.263" /><testcase classname="backend.tests.test_attendance.TestAdminAttendance" name="test_admin_today_filter" time="0.153" /><testcase classname="backend.tests.test_attendance.TestAdminAttendance" name="test_admin_get_offices" time="0.267" /><testcase classname="backend.tests.test_attendance.TestAdminAttendance" name="test_admin_create_office_and_verify" time="0.318" /><testcase classname="backend.tests.test_attendance.TestAdminAttendance" name="test_admin_get_settings" time="0.114" /><testcase classname="backend.tests.test_attendance.TestAdminAttendance" name="test_agent_forbidden_admin_endpoint" time="0.156" /></testsuite></testsuites>