<?xml version="1.0" encoding="utf-8"?><testsuites name="pytest tests"><testsuite name="pytest" errors="0" failures="0" skipped="0" tests="11" time="3.017" timestamp="2026-08-28T15:13:45.959672+00:00" hostname="agent-env-2b646eb6-8851-4d2e-bb93-30813a461651"><testcase classname="backend.tests.test_call_logs_call_type.TestCallLogCallType" name="test_create_incoming_call_log" time="0.892" /><testcase classname="backend.tests.test_call_logs_call_type.TestCallLogCallType" name="test_create_outgoing_call_log" time="0.237" /><testcase classname="backend.tests.test_call_logs_call_type.TestCallLogCallType" name="test_default_call_type_is_outgoing" time="0.079" /><testcase classname="backend.tests.test_call_logs_call_type.TestCallLogCallType" name="test_call_logs_list_returns_call_type" time="0.079" /><testcase classname="backend.tests.test_incoming_calls.TestDashboardIncoming" name="test_dashboard_stats_has_incoming_calls_field" time="0.478" /><testcase classname="backend.tests.test_incoming_calls.TestDashboardIncoming" name="test_dashboard_has_verified_talk_time" time="0.082" /><testcase classname="backend.tests.test_incoming_calls.TestCallLogSyncIncoming" name="test_sync_incoming_call_creates_verified_log" time="0.184" /><testcase classname="backend.tests.test_incoming_calls.TestCallLogSyncIncoming" name="test_sync_incoming_reflected_in_dashboard" time="0.260" /><testcase classname="backend.tests.test_incoming_calls.TestCallLogSyncIncoming" name="test_sync_incoming_zero_duration_not_counted" time="0.284" /><testcase classname="backend.tests.test_incoming_calls.TestCallLogSyncIncoming" name="test_verified_call_logs_endpoint_returns_incoming" time="0.084" /><testcase classname="backend.tests.test_incoming_calls.TestCallLogSyncIncoming" name="test_sync_unmatched_phone_not_counted" time="0.273" /></testsuite></testsuites>