<?xml version="1.0" encoding="utf-8"?><testsuites name="pytest tests"><testsuite name="pytest" errors="0" failures="0" skipped="0" tests="20" time="6.681" timestamp="2026-08-27T13:14:11.138012+00:00" hostname="agent-env-2b646eb6-8851-4d2e-bb93-30813a461651"><testcase classname="backend.tests.test_call_outcome_status.TestCallOutcomeLogging" name="test_log_connected_outcome" time="2.016" /><testcase classname="backend.tests.test_call_outcome_status.TestCallOutcomeLogging" name="test_all_outcomes_accepted[connected]" time="0.224" /><testcase classname="backend.tests.test_call_outcome_status.TestCallOutcomeLogging" name="test_all_outcomes_accepted[no_answer]" time="0.144" /><testcase classname="backend.tests.test_call_outcome_status.TestCallOutcomeLogging" name="test_all_outcomes_accepted[switched_off]" time="0.236" /><testcase classname="backend.tests.test_call_outcome_status.TestCallOutcomeLogging" name="test_all_outcomes_accepted[not_connecting]" time="0.255" /><testcase classname="backend.tests.test_call_outcome_status.TestCallOutcomeLogging" name="test_all_outcomes_accepted[busy]" time="0.147" /><testcase classname="backend.tests.test_call_outcome_status.TestCallOutcomeLogging" name="test_all_outcomes_accepted[wrong_number]" time="0.253" /><testcase classname="backend.tests.test_call_outcome_status.TestCallOutcomeLogging" name="test_all_outcomes_accepted[voicemail]" time="0.132" /><testcase classname="backend.tests.test_call_outcome_status.TestCallOutcomeLogging" name="test_call_logs_persisted_and_retrievable" time="0.290" /><testcase classname="backend.tests.test_call_outcome_status.TestCallOutcomeLogging" name="test_missing_outcome_rejected" time="0.130" /><testcase classname="backend.tests.test_call_outcome_status.TestCallOutcomeLogging" name="test_invalid_lead_id_returns_error" time="0.149" /><testcase classname="backend.tests.test_call_outcome_status.TestCallOutcomeLogging" name="test_unauthenticated_rejected" time="0.123" /><testcase classname="backend.tests.test_call_outcome_status.TestQuickStatusUpdate" name="test_update_status_and_verify_persistence[new]" time="0.269" /><testcase classname="backend.tests.test_call_outcome_status.TestQuickStatusUpdate" name="test_update_status_and_verify_persistence[follow_up]" time="0.300" /><testcase classname="backend.tests.test_call_outcome_status.TestQuickStatusUpdate" name="test_update_status_and_verify_persistence[not_interested]" time="0.306" /><testcase classname="backend.tests.test_call_outcome_status.TestQuickStatusUpdate" name="test_update_status_and_verify_persistence[leads]" time="0.306" /><testcase classname="backend.tests.test_call_outcome_status.TestQuickStatusUpdate" name="test_update_status_and_verify_persistence[file]" time="0.520" /><testcase classname="backend.tests.test_call_outcome_status.TestQuickStatusUpdate" name="test_partial_update_only_status" time="0.318" /><testcase classname="backend.tests.test_call_outcome_status.TestQuickStatusUpdate" name="test_update_without_auth_rejected" time="0.151" /><testcase classname="backend.tests.test_call_outcome_status.TestCallOutcomeOptions" name="test_call_outcomes_endpoint" time="0.299" /></testsuite></testsuites>