<?xml version="1.0" encoding="utf-8"?><testsuites name="pytest tests"><testsuite name="pytest" errors="0" failures="0" skipped="1" tests="16" time="3.857" timestamp="2026-08-31T07:56:29.289962+00:00" hostname="agent-env-2b646eb6-8851-4d2e-bb93-30813a461651"><testcase classname="backend.tests.test_critical_fixes_v13.TestAttendanceIST" name="test_admin_summary_returns_ist_date" time="0.616" /><testcase classname="backend.tests.test_critical_fixes_v13.TestAttendanceIST" name="test_admin_summary_with_explicit_date" time="0.101" /><testcase classname="backend.tests.test_critical_fixes_v13.TestAttendanceIST" name="test_admin_today_endpoint_ok" time="0.102" /><testcase classname="backend.tests.test_critical_fixes_v13.TestLeadSearch" name="test_search_by_name" time="0.245" /><testcase classname="backend.tests.test_critical_fixes_v13.TestLeadSearch" name="test_search_by_name_case_insensitive" time="0.133" /><testcase classname="backend.tests.test_critical_fixes_v13.TestLeadSearch" name="test_search_by_email" time="0.114" /><testcase classname="backend.tests.test_critical_fixes_v13.TestLeadSearch" name="test_search_by_phone_full" time="0.111" /><testcase classname="backend.tests.test_critical_fixes_v13.TestLeadSearch" name="test_search_by_phone_partial" time="0.126" /><testcase classname="backend.tests.test_critical_fixes_v13.TestLeadSearch" name="test_search_by_phone_with_country_code" time="0.217" /><testcase classname="backend.tests.test_critical_fixes_v13.TestCallLogsUnified" name="test_mobile_call_log_created_with_source_mobile" time="0.738" /><testcase classname="backend.tests.test_critical_fixes_v13.TestCallLogsUnified" name="test_lead_updated_with_last_verified_call" time="0.113" /><testcase classname="backend.tests.test_critical_fixes_v13.TestCallLogsUnified" name="test_daily_session_stats_updated_by_mobile_call" time="0.233"><skipped type="pytest.skip" message="No session-today endpoint available (404)">/app/backend/tests/test_critical_fixes_v13.py:186: No session-today endpoint available (404)</skipped></testcase><testcase classname="backend.tests.test_critical_fixes_v13.TestCallLogsUnified" name="test_web_call_log_has_source_web" time="0.141" /><testcase classname="backend.tests.test_critical_fixes_v13.TestCallLogsUnified" name="test_unified_call_logs_returns_combined" time="0.122" /><testcase classname="backend.tests.test_critical_fixes_v13.TestCallLogsUnified" name="test_unified_call_logs_filter_by_source" time="0.130" /><testcase classname="backend.tests.test_critical_fixes_v13.TestCallLogsUnified" name="test_mobile_call_log_denied_for_unassigned_lead" time="0.444" /></testsuite></testsuites>