<?xml version="1.0" encoding="utf-8"?><testsuites name="pytest tests"><testsuite name="pytest" errors="0" failures="0" skipped="0" tests="14" time="3.585" timestamp="2026-09-07T03:02:28.087011+00:00" hostname="agent-env-2b646eb6-8851-4d2e-bb93-30813a461651"><testcase classname="backend.tests.test_gp_files_dashboard.TestGPResolution" name="test_admin_growth_partners_canonical" time="0.482" /><testcase classname="backend.tests.test_gp_files_dashboard.TestGPResolution" name="test_manager_growth_partners_subtree" time="0.416" /><testcase classname="backend.tests.test_gp_files_dashboard.TestGPResolution" name="test_canonical_id_matches_tracking" time="0.176" /><testcase classname="backend.tests.test_gp_files_dashboard.TestGPResolution" name="test_manager_canonical_alignment" time="0.141" /><testcase classname="backend.tests.test_gp_files_dashboard.TestDetailedCallsFiltering" name="test_admin_all_calls" time="0.078" /><testcase classname="backend.tests.test_gp_files_dashboard.TestDetailedCallsFiltering" name="test_admin_specific_gp" time="0.139" /><testcase classname="backend.tests.test_gp_files_dashboard.TestDetailedCallsFiltering" name="test_manager_cannot_widen" time="0.273" /><testcase classname="backend.tests.test_gp_files_dashboard.TestFilesDashboardStats" name="test_baseline" time="0.093" /><testcase classname="backend.tests.test_gp_files_dashboard.TestFilesDashboardStats" name="test_file_created_window_only" time="0.180" /><testcase classname="backend.tests.test_gp_files_dashboard.TestFilesDashboardStats" name="test_activity_window_only" time="0.181" /><testcase classname="backend.tests.test_gp_files_dashboard.TestFilesDashboardStats" name="test_both_windows_together" time="0.085" /><testcase classname="backend.tests.test_gp_files_dashboard.TestFileCreateDirect" name="test_admin_create_and_appears_and_cleanup" time="0.342" /><testcase classname="backend.tests.test_gp_files_dashboard.TestFileCreateDirect" name="test_manager_out_of_scope_403" time="0.219" /><testcase classname="backend.tests.test_gp_files_dashboard.TestFileCreateDirect" name="test_gp_self_create_no_gp_id" time="0.700" /></testsuite></testsuites>