<?xml version="1.0" encoding="utf-8"?><testsuites name="pytest tests"><testsuite name="pytest" errors="0" failures="0" skipped="0" tests="7" time="1.981" timestamp="2026-08-27T11:30:10.193718+00:00" hostname="agent-env-2b646eb6-8851-4d2e-bb93-30813a461651"><testcase classname="backend.tests.test_incoming_calls.TestDashboardIncoming" name="test_dashboard_stats_has_incoming_calls_field" time="0.751" /><testcase classname="backend.tests.test_incoming_calls.TestDashboardIncoming" name="test_dashboard_has_verified_talk_time" time="0.129" /><testcase classname="backend.tests.test_incoming_calls.TestCallLogSyncIncoming" name="test_sync_incoming_call_creates_verified_log" time="0.170" /><testcase classname="backend.tests.test_incoming_calls.TestCallLogSyncIncoming" name="test_sync_incoming_reflected_in_dashboard" time="0.250" /><testcase classname="backend.tests.test_incoming_calls.TestCallLogSyncIncoming" name="test_sync_incoming_zero_duration_not_counted" time="0.240" /><testcase classname="backend.tests.test_incoming_calls.TestCallLogSyncIncoming" name="test_verified_call_logs_endpoint_returns_incoming" time="0.078" /><testcase classname="backend.tests.test_incoming_calls.TestCallLogSyncIncoming" name="test_sync_unmatched_phone_not_counted" time="0.238" /></testsuite></testsuites>