<?xml version="1.0" encoding="utf-8"?><testsuites name="pytest tests"><testsuite name="pytest" errors="0" failures="2" skipped="0" tests="71" time="18.604" timestamp="2026-09-03T17:55:04.997908+00:00" hostname="agent-env-2b646eb6-8851-4d2e-bb93-30813a461651"><testcase classname="backend.tests.test_iter42_hierarchy_parity" name="test_admin_no_filter_514" time="3.458" /><testcase classname="backend.tests.test_iter42_hierarchy_parity" name="test_manager_teja_recursive_94" time="0.144" /><testcase classname="backend.tests.test_iter42_hierarchy_parity" name="test_manager_saikiran_56" time="0.146" /><testcase classname="backend.tests.test_iter42_hierarchy_parity" name="test_tl_anusha_own_14" time="0.131" /><testcase classname="backend.tests.test_iter42_hierarchy_parity" name="test_tl_anusha_team_view_42" time="0.153" /><testcase classname="backend.tests.test_iter42_hierarchy_parity" name="test_tl_pinky_own_32" time="0.137" /><testcase classname="backend.tests.test_iter42_hierarchy_parity" name="test_gp_nithin_15" time="0.167" /><testcase classname="backend.tests.test_iter42_hierarchy_parity" name="test_admin_tl_anusha_42" time="0.663" /><testcase classname="backend.tests.test_iter42_hierarchy_parity" name="test_admin_tl_pinky_20" time="0.220" /><testcase classname="backend.tests.test_iter42_hierarchy_parity" name="test_admin_gp_nithin_15" time="0.133" /><testcase classname="backend.tests.test_iter42_hierarchy_parity" name="test_fail_closed_list_zero[manager_id=00000000-0000-0000-0000-deadbeef0000]" time="0.148" /><testcase classname="backend.tests.test_iter42_hierarchy_parity" name="test_fail_closed_list_zero[tl_id=00000000-0000-0000-0000-deadbeef0000]" time="0.144" /><testcase classname="backend.tests.test_iter42_hierarchy_parity" name="test_fail_closed_list_zero[gp_id=00000000-0000-0000-0000-deadbeef0000]" time="0.168" /><testcase classname="backend.tests.test_iter42_hierarchy_parity" name="test_fail_closed_list_zero[assigned_to=00000000-0000-0000-0000-deadbeef0000]" time="0.230" /><testcase classname="backend.tests.test_iter42_hierarchy_parity" name="test_fail_closed_stats_zero[manager_id=00000000-0000-0000-0000-deadbeef0000]" time="0.159" /><testcase classname="backend.tests.test_iter42_hierarchy_parity" name="test_fail_closed_stats_zero[tl_id=00000000-0000-0000-0000-deadbeef0000]" time="0.193" /><testcase classname="backend.tests.test_iter42_hierarchy_parity" name="test_fail_closed_stats_zero[gp_id=00000000-0000-0000-0000-deadbeef0000]" time="0.140" /><testcase classname="backend.tests.test_iter42_hierarchy_parity" name="test_admin_list_stats_parity[]" time="0.341" /><testcase classname="backend.tests.test_iter42_hierarchy_parity" name="test_admin_list_stats_parity[status=file]" time="0.323" /><testcase classname="backend.tests.test_iter42_hierarchy_parity" name="test_admin_list_stats_parity[loan_type=Home Loan]" time="0.333" /><testcase classname="backend.tests.test_iter42_hierarchy_parity" name="test_admin_list_stats_parity[search=a]" time="0.315" /><testcase classname="backend.tests.test_iter42_hierarchy_parity" name="test_daily_tracking_sheet_has_growth_partners" time="0.419" /><testcase classname="backend.tests.test_iter42_hierarchy_parity" name="test_hr_no_files" time="0.153" /><testcase classname="backend.tests.test_iter42_hierarchy_parity" name="test_users_have_source_and_can_login" time="0.430" /><testcase classname="backend.tests.test_iter42_hierarchy_parity" name="test_csv_export_requires_auth" time="0.163"><failure message="AssertionError: unauth CSV expected 401/403, got 404&#10;assert 404 in (401, 403)&#10; +  where 404 = &lt;Response [404]&gt;.status_code">backend/tests/test_iter42_hierarchy_parity.py:251: in test_csv_export_requires_auth
    assert r.status_code in (401, 403), f"unauth CSV expected 401/403, got {r.status_code}"
E   AssertionError: unauth CSV expected 401/403, got 404
E   assert 404 in (401, 403)
E    +  where 404 = &lt;Response [404]&gt;.status_code</failure></testcase><testcase classname="backend.tests.test_iter42_hierarchy_parity" name="test_csv_export_with_auth" time="0.782"><failure message="AssertionError: /api/files/export content-type=application/json&#10;assert ('csv' in 'application/json' or 'text' in 'application/json' or 'octet' in 'application/json')&#10; +  where 'application/json' = &lt;built-in method lower of str object at 0xfc8a201af050&gt;()&#10; +    where &lt;built-in method lower of str object at 0xfc8a201af050&gt; = 'application/json'.lower&#10; +  and   'application/json' = &lt;built-in method lower of str object at 0xfc8a201af050&gt;()&#10; +    where &lt;built-in method lower of str object at 0xfc8a201af050&gt; = 'application/json'.lower&#10; +  and   'application/json' = &lt;built-in method lower of str object at 0xfc8a201af050&gt;()&#10; +    where &lt;built-in method lower of str object at 0xfc8a201af050&gt; = 'application/json'.lower">backend/tests/test_iter42_hierarchy_parity.py:259: in test_csv_export_with_auth
    assert "csv" in ct.lower() or "text" in ct.lower() or "octet" in ct.lower(), f"{path} content-type={ct}"
E   AssertionError: /api/files/export content-type=application/json
E   assert ('csv' in 'application/json' or 'text' in 'application/json' or 'octet' in 'application/json')
E    +  where 'application/json' = &lt;built-in method lower of str object at 0xfc8a201af050&gt;()
E    +    where &lt;built-in method lower of str object at 0xfc8a201af050&gt; = 'application/json'.lower
E    +  and   'application/json' = &lt;built-in method lower of str object at 0xfc8a201af050&gt;()
E    +    where &lt;built-in method lower of str object at 0xfc8a201af050&gt; = 'application/json'.lower
E    +  and   'application/json' = &lt;built-in method lower of str object at 0xfc8a201af050&gt;()
E    +    where &lt;built-in method lower of str object at 0xfc8a201af050&gt; = 'application/json'.lower</failure></testcase><testcase classname="backend.tests.test_iter42_hierarchy_parity" name="test_reports_no_500[/api/files/reports-admin]" time="0.178" /><testcase classname="backend.tests.test_iter42_hierarchy_parity" name="test_reports_no_500[/api/files/reports-ops]" time="0.183" /><testcase classname="backend.tests.test_iter42_hierarchy_parity" name="test_reports_no_500[/api/files/reports-manager_teja]" time="0.190" /><testcase classname="backend.tests.test_iter42_hierarchy_parity" name="test_reports_no_500[/api/files/reports-tl_anusha]" time="0.195" /><testcase classname="backend.tests.test_iter42_hierarchy_parity" name="test_reports_no_500[/api/files/reports-gp_nithin]" time="0.183" /><testcase classname="backend.tests.test_iter42_hierarchy_parity" name="test_reports_no_500[/api/files/reports/daily-admin]" time="0.172" /><testcase classname="backend.tests.test_iter42_hierarchy_parity" name="test_reports_no_500[/api/files/reports/daily-ops]" time="0.192" /><testcase classname="backend.tests.test_iter42_hierarchy_parity" name="test_reports_no_500[/api/files/reports/daily-manager_teja]" time="0.142" /><testcase classname="backend.tests.test_iter42_hierarchy_parity" name="test_reports_no_500[/api/files/reports/daily-tl_anusha]" time="0.165" /><testcase classname="backend.tests.test_iter42_hierarchy_parity" name="test_reports_no_500[/api/files/reports/daily-gp_nithin]" time="0.147" /><testcase classname="backend.tests.test_iter42_hierarchy_parity" name="test_reports_no_500[/api/files/reports/rejected-admin]" time="0.282" /><testcase classname="backend.tests.test_iter42_hierarchy_parity" name="test_reports_no_500[/api/files/reports/rejected-ops]" time="0.481" /><testcase classname="backend.tests.test_iter42_hierarchy_parity" name="test_reports_no_500[/api/files/reports/rejected-manager_teja]" time="0.265" /><testcase classname="backend.tests.test_iter42_hierarchy_parity" name="test_reports_no_500[/api/files/reports/rejected-tl_anusha]" time="0.314" /><testcase classname="backend.tests.test_iter42_hierarchy_parity" name="test_reports_no_500[/api/files/reports/rejected-gp_nithin]" time="0.317" /><testcase classname="backend.tests.test_iter42_hierarchy_parity" name="test_reports_no_500[/api/files/reports/quality-admin]" time="0.139" /><testcase classname="backend.tests.test_iter42_hierarchy_parity" name="test_reports_no_500[/api/files/reports/quality-ops]" time="0.195" /><testcase classname="backend.tests.test_iter42_hierarchy_parity" name="test_reports_no_500[/api/files/reports/quality-manager_teja]" time="0.166" /><testcase classname="backend.tests.test_iter42_hierarchy_parity" name="test_reports_no_500[/api/files/reports/quality-tl_anusha]" time="0.186" /><testcase classname="backend.tests.test_iter42_hierarchy_parity" name="test_reports_no_500[/api/files/reports/quality-gp_nithin]" time="0.169" /><testcase classname="backend.tests.test_iter42_hierarchy_parity" name="test_reports_no_500[/api/files/reports/bank-performance-admin]" time="0.179" /><testcase classname="backend.tests.test_iter42_hierarchy_parity" name="test_reports_no_500[/api/files/reports/bank-performance-ops]" time="0.216" /><testcase classname="backend.tests.test_iter42_hierarchy_parity" name="test_reports_no_500[/api/files/reports/bank-performance-manager_teja]" time="0.188" /><testcase classname="backend.tests.test_iter42_hierarchy_parity" name="test_reports_no_500[/api/files/reports/bank-performance-tl_anusha]" time="0.173" /><testcase classname="backend.tests.test_iter42_hierarchy_parity" name="test_reports_no_500[/api/files/reports/bank-performance-gp_nithin]" time="0.190" /><testcase classname="backend.tests.test_iter42_hierarchy_parity" name="test_reports_no_500[/api/files/reports/tat-metrics-admin]" time="0.198" /><testcase classname="backend.tests.test_iter42_hierarchy_parity" name="test_reports_no_500[/api/files/reports/tat-metrics-ops]" time="0.176" /><testcase classname="backend.tests.test_iter42_hierarchy_parity" name="test_reports_no_500[/api/files/reports/tat-metrics-manager_teja]" time="0.187" /><testcase classname="backend.tests.test_iter42_hierarchy_parity" name="test_reports_no_500[/api/files/reports/tat-metrics-tl_anusha]" time="0.151" /><testcase classname="backend.tests.test_iter42_hierarchy_parity" name="test_reports_no_500[/api/files/reports/tat-metrics-gp_nithin]" time="0.183" /><testcase classname="backend.tests.test_iter42_hierarchy_parity" name="test_reports_no_500[/api/files/reports/growth-partner-admin]" time="0.155" /><testcase classname="backend.tests.test_iter42_hierarchy_parity" name="test_reports_no_500[/api/files/reports/growth-partner-ops]" time="0.186" /><testcase classname="backend.tests.test_iter42_hierarchy_parity" name="test_reports_no_500[/api/files/reports/growth-partner-manager_teja]" time="0.174" /><testcase classname="backend.tests.test_iter42_hierarchy_parity" name="test_reports_no_500[/api/files/reports/growth-partner-tl_anusha]" time="0.189" /><testcase classname="backend.tests.test_iter42_hierarchy_parity" name="test_reports_no_500[/api/files/reports/growth-partner-gp_nithin]" time="0.225" /><testcase classname="backend.tests.test_iter42_hierarchy_parity" name="test_reports_no_500[/api/files/commissions-admin]" time="0.216" /><testcase classname="backend.tests.test_iter42_hierarchy_parity" name="test_reports_no_500[/api/files/commissions-ops]" time="0.173" /><testcase classname="backend.tests.test_iter42_hierarchy_parity" name="test_reports_no_500[/api/files/commissions-manager_teja]" time="0.143" /><testcase classname="backend.tests.test_iter42_hierarchy_parity" name="test_reports_no_500[/api/files/commissions-tl_anusha]" time="0.160" /><testcase classname="backend.tests.test_iter42_hierarchy_parity" name="test_reports_no_500[/api/files/commissions-gp_nithin]" time="0.153" /><testcase classname="backend.tests.test_iter42_hierarchy_parity" name="test_reports_no_500[/api/files/dashboard/stats-admin]" time="0.160" /><testcase classname="backend.tests.test_iter42_hierarchy_parity" name="test_reports_no_500[/api/files/dashboard/stats-ops]" time="0.194" /><testcase classname="backend.tests.test_iter42_hierarchy_parity" name="test_reports_no_500[/api/files/dashboard/stats-manager_teja]" time="0.136" /><testcase classname="backend.tests.test_iter42_hierarchy_parity" name="test_reports_no_500[/api/files/dashboard/stats-tl_anusha]" time="0.166" /><testcase classname="backend.tests.test_iter42_hierarchy_parity" name="test_reports_no_500[/api/files/dashboard/stats-gp_nithin]" time="0.138" /></testsuite></testsuites>