<?xml version="1.0" encoding="utf-8"?><testsuites name="pytest tests"><testsuite name="pytest" errors="0" failures="0" skipped="0" tests="8" time="2.370" timestamp="2026-09-03T12:11:23.658926+00:00" hostname="agent-env-2b646eb6-8851-4d2e-bb93-30813a461651"><testcase classname="backend.tests.test_iter39_manager.TestManagerLogin" name="test_manager_login_role" time="0.452" /><testcase classname="backend.tests.test_iter39_manager.TestManagerTeamStats" name="test_team_stats_periods[today]" time="0.594" /><testcase classname="backend.tests.test_iter39_manager.TestManagerTeamStats" name="test_team_stats_periods[this_week]" time="0.132" /><testcase classname="backend.tests.test_iter39_manager.TestManagerTeamStats" name="test_team_stats_periods[this_month]" time="0.138" /><testcase classname="backend.tests.test_iter39_manager.TestManagerTeamStats" name="test_team_stats_has_team_members" time="0.134" /><testcase classname="backend.tests.test_iter39_manager.TestManagerTeamMembers" name="test_team_members" time="0.150" /><testcase classname="backend.tests.test_iter39_manager.TestManagerTeamMembers" name="test_gp_forbidden" time="0.550" /><testcase classname="backend.tests.test_iter39_manager.TestManagerFilesScoping" name="test_manager_sees_team_files" time="0.165" /></testsuite></testsuites>