<?xml version="1.0" encoding="utf-8"?><testsuites name="pytest tests"><testsuite name="pytest" errors="0" failures="1" skipped="0" tests="5" time="3.503" timestamp="2026-09-02T10:16:32.538594+00:00" hostname="agent-env-2b646eb6-8851-4d2e-bb93-30813a461651"><testcase classname="backend.tests.test_iter30_policy_docs_prefill" name="test_policies_list_returns_27_or_more" time="0.673" /><testcase classname="backend.tests.test_iter30_policy_docs_prefill" name="test_policies_have_40plus_fields" time="0.138" /><testcase classname="backend.tests.test_iter30_policy_docs_prefill" name="test_policy_create_update_delete" time="0.650" /><testcase classname="backend.tests.test_iter30_policy_docs_prefill" name="test_data_to_file_prefills_file_details" time="1.451"><failure message="AssertionError: type_of_loan: None&#10;assert None == 'Personal Loan'&#10; +  where None = &lt;built-in method get of dict object at 0xfb450b0ff000&gt;('type_of_loan')&#10; +    where &lt;built-in method get of dict object at 0xfb450b0ff000&gt; = {'city': 'Bengaluru', 'email': 'test_iter30@example.com', 'full_name': 'TEST_Iter30 Prefill Customer', 'mobile': '9876540030', ...}.get">backend/tests/test_iter30_policy_docs_prefill.py:167: in test_data_to_file_prefills_file_details
    assert fd.get("type_of_loan") == "Personal Loan", f"type_of_loan: {fd.get('type_of_loan')}"
E   AssertionError: type_of_loan: None
E   assert None == 'Personal Loan'
E    +  where None = &lt;built-in method get of dict object at 0xfb450b0ff000&gt;('type_of_loan')
E    +    where &lt;built-in method get of dict object at 0xfb450b0ff000&gt; = {'city': 'Bengaluru', 'email': 'test_iter30@example.com', 'full_name': 'TEST_Iter30 Prefill Customer', 'mobile': '9876540030', ...}.get</failure></testcase><testcase classname="backend.tests.test_iter30_policy_docs_prefill" name="test_file_documents_list_endpoint" time="0.513" /></testsuite></testsuites>