<?xml version="1.0" encoding="utf-8"?><testsuites name="pytest tests"><testsuite name="pytest" errors="0" failures="0" skipped="0" tests="11" time="3.273" timestamp="2026-09-02T06:12:51.875715+00:00" hostname="agent-env-2b646eb6-8851-4d2e-bb93-30813a461651"><testcase classname="backend.tests.test_iter23_reports_reassignment.TestFileReassignmentBlock" name="test_assign_skips_file_status" time="0.811" /><testcase classname="backend.tests.test_iter23_reports_reassignment.TestFileReassignmentBlock" name="test_check_reassignment_endpoint" time="0.123" /><testcase classname="backend.tests.test_iter23_reports_reassignment.TestFilesReports" name="test_daily_report" time="0.134" /><testcase classname="backend.tests.test_iter23_reports_reassignment.TestFilesReports" name="test_daily_report_with_date" time="0.155" /><testcase classname="backend.tests.test_iter23_reports_reassignment.TestFilesReports" name="test_rejected_report" time="0.849" /><testcase classname="backend.tests.test_iter23_reports_reassignment.TestFilesReports" name="test_quality_report" time="0.146" /><testcase classname="backend.tests.test_iter23_reports_reassignment.TestFilesReports" name="test_growth_partner_report" time="0.162" /><testcase classname="backend.tests.test_iter23_reports_reassignment.TestFilesReports" name="test_bank_performance_report" time="0.141" /><testcase classname="backend.tests.test_iter23_reports_reassignment.TestFilesReports" name="test_tat_metrics_report" time="0.194" /><testcase classname="backend.tests.test_iter23_reports_reassignment.TestGeneralAvailability" name="test_files_root" time="0.253" /><testcase classname="backend.tests.test_iter23_reports_reassignment.TestGeneralAvailability" name="test_files_reports_summary" time="0.179" /></testsuite></testsuites>