<?xml version="1.0" encoding="utf-8"?><testsuites name="pytest tests"><testsuite name="pytest" errors="0" failures="0" skipped="0" tests="18" time="3.291" timestamp="2026-09-01T03:26:23.044588+00:00" hostname="agent-env-2b646eb6-8851-4d2e-bb93-30813a461651"><testcase classname="backend.tests.test_iteration_14_fixes.TestAttendanceAdminTodayWithDate" name="test_admin_today_no_date_param" time="0.711" /><testcase classname="backend.tests.test_iteration_14_fixes.TestAttendanceAdminTodayWithDate" name="test_admin_today_with_date_param" time="0.188" /><testcase classname="backend.tests.test_iteration_14_fixes.TestAttendanceAdminTodayWithDate" name="test_admin_today_with_older_date" time="0.127" /><testcase classname="backend.tests.test_iteration_14_fixes.TestAttendanceAdminTodayWithDate" name="test_admin_today_invalid_date_falls_back" time="0.119" /><testcase classname="backend.tests.test_iteration_14_fixes.TestAttendanceAdminTodayWithDate" name="test_admin_today_requires_auth" time="0.161" /><testcase classname="backend.tests.test_iteration_14_fixes.TestAttendanceAdminSummaryWithDate" name="test_summary_no_date" time="0.116" /><testcase classname="backend.tests.test_iteration_14_fixes.TestAttendanceAdminSummaryWithDate" name="test_summary_with_date" time="0.116" /><testcase classname="backend.tests.test_iteration_14_fixes.TestAttendanceWeeklySummary" name="test_weekly_summary_no_params" time="0.129" /><testcase classname="backend.tests.test_iteration_14_fixes.TestAttendanceWeeklySummary" name="test_weekly_summary_with_start_date" time="0.174" /><testcase classname="backend.tests.test_iteration_14_fixes.TestAttendanceWeeklySummary" name="test_weekly_summary_requires_admin" time="0.120" /><testcase classname="backend.tests.test_iteration_14_fixes.TestAttendanceMonthlySummary" name="test_monthly_summary_no_params" time="0.123" /><testcase classname="backend.tests.test_iteration_14_fixes.TestAttendanceMonthlySummary" name="test_monthly_summary_with_month_year" time="0.131" /><testcase classname="backend.tests.test_iteration_14_fixes.TestAttendanceMonthlySummary" name="test_monthly_summary_summary_fields" time="0.175" /><testcase classname="backend.tests.test_iteration_14_fixes.TestAttendanceMonthlySummary" name="test_monthly_summary_requires_admin" time="0.135" /><testcase classname="backend.tests.test_iteration_14_fixes.TestDetailedCallsReport" name="test_detailed_calls_no_params" time="0.159" /><testcase classname="backend.tests.test_iteration_14_fixes.TestDetailedCallsReport" name="test_detailed_calls_have_source_field" time="0.111" /><testcase classname="backend.tests.test_iteration_14_fixes.TestDetailedCallsReport" name="test_detailed_calls_includes_both_sources" time="0.226" /><testcase classname="backend.tests.test_iteration_14_fixes.TestDetailedCallsReport" name="test_detailed_calls_requires_admin" time="0.115" /></testsuite></testsuites>