<?xml version="1.0" encoding="utf-8"?><testsuites name="pytest tests"><testsuite name="pytest" errors="0" failures="0" skipped="0" tests="9" time="3.280" timestamp="2026-09-03T10:13:57.869282+00:00" hostname="agent-env-2b646eb6-8851-4d2e-bb93-30813a461651"><testcase classname="backend.tests.test_iter38_bank_policies.TestBankPolicies" name="test_list_policies" time="0.749" /><testcase classname="backend.tests.test_iter38_bank_policies.TestBankPolicies" name="test_get_single_policy" time="0.352" /><testcase classname="backend.tests.test_iter38_bank_policies.TestBankPolicies" name="test_get_policy_not_found" time="0.131" /><testcase classname="backend.tests.test_iter38_bank_policies.TestBankPolicies" name="test_crud_policy" time="0.851" /><testcase classname="backend.tests.test_iter38_bank_policies.TestEligibilityCheck" name="test_check_eligibility" time="0.188" /><testcase classname="backend.tests.test_iter38_bank_policies.TestEligibilityCheck" name="test_check_eligibility_invalid_lead" time="0.149" /><testcase classname="backend.tests.test_iter38_bank_policies.TestEligibilityCheck" name="test_eligibility_history" time="0.313" /><testcase classname="backend.tests.test_iter38_bank_policies.TestAuthGuard" name="test_policies_requires_auth" time="0.167" /><testcase classname="backend.tests.test_iter38_bank_policies.TestAuthGuard" name="test_create_requires_admin" time="0.137" /></testsuite></testsuites>