<?xml version="1.0" encoding="utf-8"?><testsuites name="pytest tests"><testsuite name="pytest" errors="0" failures="0" skipped="0" tests="3" time="1.139" timestamp="2026-09-09T10:16:55.780658+00:00" hostname="agent-env-2b646eb6-8851-4d2e-bb93-30813a461651"><testcase classname="backend.tests.test_iter57_loan_types" name="test_loan_types_endpoint_public" time="0.321" /><testcase classname="backend.tests.test_iter57_loan_types" name="test_persist_used_vehicle_loan_bt" time="0.620" /><testcase classname="backend.tests.test_iter57_loan_types" name="test_persist_business_loan" time="0.147" /></testsuite></testsuites>