<?xml version="1.0" encoding="utf-8"?><testsuites name="pytest tests"><testsuite name="pytest" errors="0" failures="1" skipped="0" tests="23" time="3.345" timestamp="2026-09-02T06:13:21.300967+00:00" hostname="agent-env-2b646eb6-8851-4d2e-bb93-30813a461651"><testcase classname="backend.tests.test_iter24_final_verification" name="test_leads_list_loads" time="0.554" /><testcase classname="backend.tests.test_iter24_final_verification" name="test_leads_count" time="0.074" /><testcase classname="backend.tests.test_iter24_final_verification" name="test_status_filters[new]" time="0.075" /><testcase classname="backend.tests.test_iter24_final_verification" name="test_status_filters[file]" time="0.124" /><testcase classname="backend.tests.test_iter24_final_verification" name="test_status_filters[follow_up]" time="0.082" /><testcase classname="backend.tests.test_iter24_final_verification" name="test_status_filters[lead]" time="0.074" /><testcase classname="backend.tests.test_iter24_final_verification" name="test_status_filters[not_interested]" time="0.076" /><testcase classname="backend.tests.test_iter24_final_verification" name="test_status_filters[no_status]" time="0.074" /><testcase classname="backend.tests.test_iter24_final_verification" name="test_call_outcome_filters[connected]" time="0.116" /><testcase classname="backend.tests.test_iter24_final_verification" name="test_call_outcome_filters[no_answer]" time="0.125" /><testcase classname="backend.tests.test_iter24_final_verification" name="test_call_outcome_filters[never_called]" time="0.138" /><testcase classname="backend.tests.test_iter24_final_verification" name="test_call_outcome_filters[busy]" time="0.125" /><testcase classname="backend.tests.test_iter24_final_verification" name="test_search_works" time="0.124" /><testcase classname="backend.tests.test_iter24_final_verification" name="test_file_detail_has_crm_fields" time="0.191"><failure message="assert 500 == 200&#10; +  where 500 = &lt;Response [500]&gt;.status_code">backend/tests/test_iter24_final_verification.py:70: in test_file_detail_has_crm_fields
    assert r2.status_code == 200
E   assert 500 == 200
E    +  where 500 = &lt;Response [500]&gt;.status_code</failure></testcase><testcase classname="backend.tests.test_iter24_final_verification" name="test_report_endpoints[/api/files/reports/daily]" time="0.093" /><testcase classname="backend.tests.test_iter24_final_verification" name="test_report_endpoints[/api/files/reports/rejected]" time="0.259" /><testcase classname="backend.tests.test_iter24_final_verification" name="test_report_endpoints[/api/files/reports/growth-partner]" time="0.083" /><testcase classname="backend.tests.test_iter24_final_verification" name="test_report_endpoints[/api/files/reports/bank-performance]" time="0.086" /><testcase classname="backend.tests.test_iter24_final_verification" name="test_report_endpoints[/api/files/reports/tat-metrics]" time="0.102" /><testcase classname="backend.tests.test_iter24_final_verification" name="test_report_endpoints[/api/files/reports/quality]" time="0.084" /><testcase classname="backend.tests.test_iter24_final_verification" name="test_export_endpoint" time="0.349" /><testcase classname="backend.tests.test_iter24_final_verification" name="test_attendance_endpoint" time="0.169" /><testcase classname="backend.tests.test_iter24_final_verification" name="test_users_endpoint" time="0.084" /></testsuite></testsuites>