<?xml version="1.0" encoding="utf-8"?><testsuites name="pytest tests"><testsuite name="pytest" errors="0" failures="0" skipped="0" tests="11" time="2.506" timestamp="2026-09-02T10:33:44.270629+00:00" hostname="agent-env-2b646eb6-8851-4d2e-bb93-30813a461651"><testcase classname="backend.tests.test_iter31_crm_addons.TestCommissions" name="test_get_commissions" time="0.721" /><testcase classname="backend.tests.test_iter31_crm_addons.TestCommissions" name="test_commission_summary" time="0.151" /><testcase classname="backend.tests.test_iter31_crm_addons.TestCommissions" name="test_gp_aggregation_sorted" time="0.156" /><testcase classname="backend.tests.test_iter31_crm_addons.TestEligibilityCheck" name="test_check_eligibility" time="0.323" /><testcase classname="backend.tests.test_iter31_crm_addons.TestEligibilityCheck" name="test_check_eligibility_not_found" time="0.127" /><testcase classname="backend.tests.test_iter31_crm_addons.TestExports" name="test_export_dashboard" time="0.156" /><testcase classname="backend.tests.test_iter31_crm_addons.TestExports" name="test_export_rejected" time="0.196" /><testcase classname="backend.tests.test_iter31_crm_addons.TestExports" name="test_export_growth_partner" time="0.170" /><testcase classname="backend.tests.test_iter31_crm_addons.TestExports" name="test_export_commissions" time="0.200" /><testcase classname="backend.tests.test_iter31_crm_addons.TestAuthGuard" name="test_commissions_requires_auth" time="0.128" /><testcase classname="backend.tests.test_iter31_crm_addons.TestAuthGuard" name="test_export_dashboard_requires_auth" time="0.109" /></testsuite></testsuites>