<?xml version="1.0" encoding="utf-8"?><testsuites name="pytest tests"><testsuite name="pytest" errors="0" failures="0" skipped="0" tests="6" time="1.843" timestamp="2026-09-01T06:40:35.399825+00:00" hostname="agent-env-2b646eb6-8851-4d2e-bb93-30813a461651"><testcase classname="backend.tests.test_presentation_removal" name="test_statuses_endpoint_no_presentation" time="0.618" /><testcase classname="backend.tests.test_presentation_removal" name="test_admin_dashboard_stats" time="0.196" /><testcase classname="backend.tests.test_presentation_removal" name="test_telecaller_dashboard_stats" time="0.505" /><testcase classname="backend.tests.test_presentation_removal" name="test_admin_reports_telecallers" time="0.121" /><testcase classname="backend.tests.test_presentation_removal" name="test_hourly_report" time="0.149" /><testcase classname="backend.tests.test_presentation_removal" name="test_admin_leads_pagination" time="0.128" /></testsuite></testsuites>