<?xml version="1.0" encoding="utf-8"?><testsuites name="pytest tests"><testsuite name="pytest" errors="0" failures="1" skipped="0" tests="15" time="3.930" timestamp="2026-09-01T05:55:13.821999+00:00" hostname="agent-env-2b646eb6-8851-4d2e-bb93-30813a461651"><testcase classname="backend.tests.test_sheets_sync_retention.TestSheetsSync" name="test_leads_by_status" time="0.656" /><testcase classname="backend.tests.test_sheets_sync_retention.TestSheetsSync" name="test_leads_by_status_requires_admin" time="0.537" /><testcase classname="backend.tests.test_sheets_sync_retention.TestSheetsSync" name="test_daily_report" time="0.139" /><testcase classname="backend.tests.test_sheets_sync_retention.TestSheetsSync" name="test_daily_report_with_date" time="0.144" /><testcase classname="backend.tests.test_sheets_sync_retention.TestSheetsSync" name="test_attendance_summary" time="0.154" /><testcase classname="backend.tests.test_sheets_sync_retention.TestRetention" name="test_call_logs_stats" time="0.166" /><testcase classname="backend.tests.test_sheets_sync_retention.TestRetention" name="test_activity_logs_stats" time="0.105" /><testcase classname="backend.tests.test_sheets_sync_retention.TestRetention" name="test_delete_call_logs_confirm_false_returns_warning" time="0.162" /><testcase classname="backend.tests.test_sheets_sync_retention.TestRetention" name="test_delete_activity_logs_confirm_false_returns_warning" time="0.143" /><testcase classname="backend.tests.test_sheets_sync_retention.TestRetention" name="test_delete_verified_call_logs_confirm_false_returns_warning" time="0.146" /><testcase classname="backend.tests.test_sheets_sync_retention.TestRetention" name="test_export_call_logs" time="0.158" /><testcase classname="backend.tests.test_sheets_sync_retention.TestRetention" name="test_export_call_logs_small_threshold" time="0.361" /><testcase classname="backend.tests.test_sheets_sync_retention.TestRetention" name="test_deletion_history" time="0.130" /><testcase classname="backend.tests.test_sheets_sync_retention.TestRetention" name="test_retention_requires_admin" time="0.128" /><testcase classname="backend.tests.test_sheets_sync_retention.TestCleanSlateReassignment" name="test_reassign_marks_previous_agent_history" time="0.704"><failure message="AssertionError: reassigned_from_status should be a string but got dict: {'$ifNull': ['$status', 'new']}&#10;assert False&#10; +  where False = isinstance({'$ifNull': ['$status', 'new']}, str)">backend/tests/test_sheets_sync_retention.py:195: in test_reassign_marks_previous_agent_history
    assert isinstance(rfs, str), f"reassigned_from_status should be a string but got {type(rfs).__name__}: {rfs}"
E   AssertionError: reassigned_from_status should be a string but got dict: {'$ifNull': ['$status', 'new']}
E   assert False
E    +  where False = isinstance({'$ifNull': ['$status', 'new']}, str)</failure></testcase></testsuite></testsuites>