<?xml version="1.0" encoding="utf-8"?><testsuites name="pytest tests"><testsuite name="pytest" errors="0" failures="0" skipped="0" tests="10" time="2.939" timestamp="2026-09-02T05:09:36.977813+00:00" hostname="agent-env-2b646eb6-8851-4d2e-bb93-30813a461651"><testcase classname="backend.tests.test_iter22_files_merge.TestRegistrationApproval" name="test_register_creates_pending" time="0.406" /><testcase classname="backend.tests.test_iter22_files_merge.TestRegistrationApproval" name="test_login_pending_returns_401" time="0.369" /><testcase classname="backend.tests.test_iter22_files_merge.TestRegistrationApproval" name="test_pending_approval_list_contains_new_user" time="0.541" /><testcase classname="backend.tests.test_iter22_files_merge.TestLeadsStats" name="test_stats_by_status_shape" time="0.127" /><testcase classname="backend.tests.test_iter22_files_merge.TestLeadsStats" name="test_stats_includes_file_status" time="0.131" /><testcase classname="backend.tests.test_iter22_files_merge.TestNoStatusFilter" name="test_no_status_filter_returns_leads" time="0.303" /><testcase classname="backend.tests.test_iter22_files_merge.TestNoStatusFilter" name="test_status_single_no_status" time="0.133" /><testcase classname="backend.tests.test_iter22_files_merge.TestUsersUnmapped" name="test_list_unmapped" time="0.128" /><testcase classname="backend.tests.test_iter22_files_merge.TestUsersUnmapped" name="test_list_all_users" time="0.131" /><testcase classname="backend.tests.test_iter22_files_merge.TestFileConversion" name="test_lead_status_change_to_file" time="0.604" /></testsuite></testsuites>