<?xml version="1.0" encoding="utf-8"?><testsuites name="pytest tests"><testsuite name="pytest" errors="0" failures="0" skipped="0" tests="7" time="39.069" timestamp="2026-09-02T07:48:13.885208+00:00" hostname="agent-env-2b646eb6-8851-4d2e-bb93-30813a461651"><testcase classname="backend.tests.test_iter27_file_status" name="test_leads_stats_has_status_and_file_count" time="36.526" /><testcase classname="backend.tests.test_iter27_file_status" name="test_status_file_count_consistency" time="0.328" /><testcase classname="backend.tests.test_iter27_file_status" name="test_files_dashboard_list" time="0.156" /><testcase classname="backend.tests.test_iter27_file_status" name="test_files_dashboard_stats" time="0.148" /><testcase classname="backend.tests.test_iter27_file_status" name="test_files_list_matches_leads_status_file" time="0.307" /><testcase classname="backend.tests.test_iter27_file_status" name="test_convert_lead_to_file" time="1.223" /><testcase classname="backend.tests.test_iter27_file_status" name="test_stats_stable_across_filters" time="0.266" /></testsuite></testsuites>