<?xml version="1.0" encoding="utf-8"?><testsuites name="pytest tests"><testsuite name="pytest" errors="0" failures="3" skipped="0" tests="12" time="3.143" timestamp="2026-09-01T11:13:37.793849+00:00" hostname="agent-env-2b646eb6-8851-4d2e-bb93-30813a461651"><testcase classname="backend.tests.test_files_crm.TestFilesList" name="test_get_all_files_no_slash" time="0.730" /><testcase classname="backend.tests.test_files_crm.TestFilesList" name="test_get_all_files_with_slash" time="0.168" /><testcase classname="backend.tests.test_files_crm.TestFilesList" name="test_files_have_expected_structure" time="0.147" /><testcase classname="backend.tests.test_files_crm.TestFilesDashboardStats" name="test_dashboard_stats" time="0.178" /><testcase classname="backend.tests.test_files_crm.TestFilesStatuses" name="test_get_statuses" time="0.120" /><testcase classname="backend.tests.test_files_crm.TestFilesReports" name="test_reports_endpoint" time="0.147" /><testcase classname="backend.tests.test_files_crm.TestFileDetails" name="test_get_file_by_id" time="0.322" /><testcase classname="backend.tests.test_files_crm.TestFileDetails" name="test_get_file_not_found" time="0.124" /><testcase classname="backend.tests.test_files_crm.TestFileDetails" name="test_get_file_activities" time="0.285"><failure message="assert 404 == 200&#10; +  where 404 = &lt;Response [404]&gt;.status_code">backend/tests/test_files_crm.py:109: in test_get_file_activities
    assert r2.status_code == 200
E   assert 404 == 200
E    +  where 404 = &lt;Response [404]&gt;.status_code</failure></testcase><testcase classname="backend.tests.test_files_crm.TestFileDetails" name="test_get_file_documents" time="0.339"><failure message="assert 404 == 200&#10; +  where 404 = &lt;Response [404]&gt;.status_code">backend/tests/test_files_crm.py:119: in test_get_file_documents
    assert r2.status_code == 200
E   assert 404 == 200
E    +  where 404 = &lt;Response [404]&gt;.status_code</failure></testcase><testcase classname="backend.tests.test_files_crm.TestFileDetails" name="test_get_file_eligibilities" time="0.288"><failure message="assert 404 == 200&#10; +  where 404 = &lt;Response [404]&gt;.status_code">backend/tests/test_files_crm.py:129: in test_get_file_eligibilities
    assert r2.status_code == 200
E   assert 404 == 200
E    +  where 404 = &lt;Response [404]&gt;.status_code</failure></testcase><testcase classname="backend.tests.test_files_crm.TestOperationsTeam" name="test_operations_team" time="0.155" /></testsuite></testsuites>