<?xml version="1.0" encoding="utf-8"?><testsuites name="pytest tests"><testsuite name="pytest" errors="0" failures="0" skipped="0" tests="11" time="2.575" timestamp="2026-09-02T05:58:17.404994+00:00" hostname="agent-env-2b646eb6-8851-4d2e-bb93-30813a461651"><testcase classname="backend.tests.test_iter23_reports_reassignment.TestFileReassignmentBlock" name="test_assign_skips_file_status" time="0.600" /><testcase classname="backend.tests.test_iter23_reports_reassignment.TestFileReassignmentBlock" name="test_check_reassignment_endpoint" time="0.119" /><testcase classname="backend.tests.test_iter23_reports_reassignment.TestFilesReports" name="test_daily_report" time="0.113" /><testcase classname="backend.tests.test_iter23_reports_reassignment.TestFilesReports" name="test_daily_report_with_date" time="0.150" /><testcase classname="backend.tests.test_iter23_reports_reassignment.TestFilesReports" name="test_rejected_report" time="0.416" /><testcase classname="backend.tests.test_iter23_reports_reassignment.TestFilesReports" name="test_quality_report" time="0.124" /><testcase classname="backend.tests.test_iter23_reports_reassignment.TestFilesReports" name="test_growth_partner_report" time="0.121" /><testcase classname="backend.tests.test_iter23_reports_reassignment.TestFilesReports" name="test_bank_performance_report" time="0.185" /><testcase classname="backend.tests.test_iter23_reports_reassignment.TestFilesReports" name="test_tat_metrics_report" time="0.221" /><testcase classname="backend.tests.test_iter23_reports_reassignment.TestGeneralAvailability" name="test_files_root" time="0.254" /><testcase classname="backend.tests.test_iter23_reports_reassignment.TestGeneralAvailability" name="test_files_reports_summary" time="0.137" /></testsuite></testsuites>