<?xml version="1.0" encoding="utf-8"?><testsuites name="pytest tests"><testsuite name="pytest" errors="0" failures="0" skipped="1" tests="15" time="4.823" timestamp="2026-09-08T17:10:28.462824+00:00" hostname="agent-env-2b646eb6-8851-4d2e-bb93-30813a461651"><testcase classname="backend.tests.test_iter55_commission_earnings.TestHRGrowthPartners" name="test_hr_can_list_growth_partners" time="0.632" /><testcase classname="backend.tests.test_iter55_commission_earnings.TestHRGrowthPartners" name="test_admin_and_hr_gp_counts_match" time="0.754" /><testcase classname="backend.tests.test_iter55_commission_earnings.TestCommissionReport" name="test_admin_all_time" time="0.156" /><testcase classname="backend.tests.test_iter55_commission_earnings.TestCommissionReport" name="test_admin_default_current_month" time="0.177" /><testcase classname="backend.tests.test_iter55_commission_earnings.TestCommissionReport" name="test_admin_filter_by_gp" time="0.398"><skipped type="pytest.xfail" message="KNOWN BUG: source_id filter ignored; got 27 groups" /></testcase><testcase classname="backend.tests.test_iter55_commission_earnings.TestCommissionReport" name="test_admin_filter_by_bank" time="0.342" /><testcase classname="backend.tests.test_iter55_commission_earnings.TestCommissionReport" name="test_csv_export" time="0.154" /><testcase classname="backend.tests.test_iter55_commission_earnings.TestCommissionReport" name="test_hr_can_access_commission" time="0.214" /><testcase classname="backend.tests.test_iter55_commission_earnings.TestCommissionReport" name="test_gp_forbidden_on_commission" time="0.534" /><testcase classname="backend.tests.test_iter55_commission_earnings.TestCommissionReport" name="test_gp_forbidden_on_export" time="0.172" /><testcase classname="backend.tests.test_iter55_commission_earnings.TestGPEarnings" name="test_gp_my_earnings" time="0.160" /><testcase classname="backend.tests.test_iter55_commission_earnings.TestGPEarnings" name="test_gp_my_earnings_month" time="0.242" /><testcase classname="backend.tests.test_iter55_commission_earnings.TestGPEarnings" name="test_gp_earnings_is_self_scoped" time="0.480" /><testcase classname="backend.tests.test_iter55_commission_earnings.TestRegression" name="test_admin_files_dashboard_stats" time="0.194" /><testcase classname="backend.tests.test_iter55_commission_earnings.TestRegression" name="test_admin_auth_me" time="0.142" /></testsuite></testsuites>