<?xml version="1.0" encoding="utf-8"?><testsuites name="pytest tests"><testsuite name="pytest" errors="0" failures="0" skipped="0" tests="12" time="2.766" timestamp="2026-09-09T14:45:26.835380+00:00" hostname="agent-env-2b646eb6-8851-4d2e-bb93-30813a461651"><testcase classname="backend.tests.test_iter60_meta_reports.TestMetaReportsSummary" name="test_admin_lifetime_shape_and_totals" time="0.572" /><testcase classname="backend.tests.test_iter60_meta_reports.TestMetaReportsSummary" name="test_admin_periods_no_error[today]" time="0.086" /><testcase classname="backend.tests.test_iter60_meta_reports.TestMetaReportsSummary" name="test_admin_periods_no_error[week]" time="0.083" /><testcase classname="backend.tests.test_iter60_meta_reports.TestMetaReportsSummary" name="test_admin_periods_no_error[month]" time="0.089" /><testcase classname="backend.tests.test_iter60_meta_reports.TestMetaReportsSummary" name="test_admin_periods_no_error[three_months]" time="0.092" /><testcase classname="backend.tests.test_iter60_meta_reports.TestMetaReportsSummary" name="test_admin_periods_no_error[lifetime]" time="0.083" /><testcase classname="backend.tests.test_iter60_meta_reports.TestMetaReportsSummary" name="test_admin_custom_range" time="0.089" /><testcase classname="backend.tests.test_iter60_meta_reports.TestMetaReportsSummary" name="test_gp_only_own_bucket" time="0.492" /><testcase classname="backend.tests.test_iter60_meta_reports.TestMetaReportsSummary" name="test_non_meta_user_forbidden" time="0.457" /><testcase classname="backend.tests.test_iter60_meta_reports.TestMetaReportsHourly" name="test_admin_hourly_shape_and_totals" time="0.088" /><testcase classname="backend.tests.test_iter60_meta_reports.TestMetaReportsHourly" name="test_gp_hourly_only_own_bucket" time="0.114" /><testcase classname="backend.tests.test_iter60_meta_reports.TestMetaReportsHourly" name="test_non_meta_user_forbidden_hourly" time="0.453" /></testsuite></testsuites>