<?xml version="1.0" encoding="utf-8"?><testsuites name="pytest tests"><testsuite name="pytest" errors="0" failures="1" skipped="0" tests="13" time="3.165" timestamp="2026-09-01T05:25:09.433882+00:00" hostname="agent-env-2b646eb6-8851-4d2e-bb93-30813a461651"><testcase classname="backend.tests.test_stage_2_5_features.TestSelectAllIds" name="test_select_all_ids_returns_shape" time="0.602" /><testcase classname="backend.tests.test_stage_2_5_features.TestSelectAllIds" name="test_select_all_ids_matches_total_count" time="0.258" /><testcase classname="backend.tests.test_stage_2_5_features.TestSelectAllIds" name="test_select_all_ids_with_status_filter" time="0.128" /><testcase classname="backend.tests.test_stage_2_5_features.TestSelectAllIds" name="test_select_all_ids_telecaller_scoped" time="0.457" /><testcase classname="backend.tests.test_stage_2_5_features.TestSuppressionList" name="test_get_suppression_list_paginated" time="0.142" /><testcase classname="backend.tests.test_stage_2_5_features.TestSuppressionList" name="test_add_suppression_entry" time="0.516" /><testcase classname="backend.tests.test_stage_2_5_features.TestSuppressionList" name="test_telecaller_forbidden_from_suppression_list" time="0.120" /><testcase classname="backend.tests.test_stage_2_5_features.TestArchiveAndImportBatches" name="test_get_import_batches" time="0.119" /><testcase classname="backend.tests.test_stage_2_5_features.TestArchiveAndImportBatches" name="test_archive_requires_ids_or_filter" time="0.129" /><testcase classname="backend.tests.test_stage_2_5_features.TestArchiveAndImportBatches" name="test_archive_and_unarchive_lead" time="0.107"><failure message="assert 422 == 200&#10; +  where 422 = &lt;Response [422]&gt;.status_code">backend/tests/test_stage_2_5_features.py:137: in test_archive_and_unarchive_lead
    assert lr.status_code == 200
E   assert 422 == 200
E    +  where 422 = &lt;Response [422]&gt;.status_code</failure></testcase><testcase classname="backend.tests.test_stage_2_5_features.TestExport" name="test_export_returns_xlsx" time="0.216" /><testcase classname="backend.tests.test_stage_2_5_features.TestExport" name="test_export_respects_status_filter" time="0.149" /><testcase classname="backend.tests.test_stage_2_5_features.TestExport" name="test_export_telecaller_scoped" time="0.126" /></testsuite></testsuites>