<?xml version="1.0" encoding="utf-8"?><testsuites name="pytest tests"><testsuite name="pytest" errors="0" failures="0" skipped="0" tests="9" time="3.311" timestamp="2026-09-02T14:25:42.046620+00:00" hostname="agent-env-2b646eb6-8851-4d2e-bb93-30813a461651"><testcase classname="backend.tests.test_iter32_old_crm_parity.TestFilesList" name="test_admin_can_list_all_files" time="0.860" /><testcase classname="backend.tests.test_iter32_old_crm_parity.TestFilesList" name="test_search_reddy_returns_matches" time="0.197" /><testcase classname="backend.tests.test_iter32_old_crm_parity.TestDashboardStats" name="test_dashboard_stats_returns_old_crm_metrics" time="0.170" /><testcase classname="backend.tests.test_iter32_old_crm_parity.TestDashboardStats" name="test_dashboard_stats_search_filters" time="0.328" /><testcase classname="backend.tests.test_iter32_old_crm_parity.TestGpAudit" name="test_gp_file_mapping_audit" time="0.158" /><testcase classname="backend.tests.test_iter32_old_crm_parity.TestGpAudit" name="test_gp_audit_requires_admin" time="0.648" /><testcase classname="backend.tests.test_iter32_old_crm_parity.TestFileDelete" name="test_delete_requires_admin" time="0.259" /><testcase classname="backend.tests.test_iter32_old_crm_parity.TestFileDelete" name="test_delete_unauth_no_token" time="0.148" /><testcase classname="backend.tests.test_iter32_old_crm_parity.TestGpFilesRestriction" name="test_gp_sees_only_own_files" time="0.380" /></testsuite></testsuites>