<?xml version="1.0" encoding="utf-8"?><testsuites name="pytest tests"><testsuite name="pytest" errors="0" failures="0" skipped="0" tests="9" time="2.629" timestamp="2026-09-02T15:51:18.656970+00:00" hostname="agent-env-2b646eb6-8851-4d2e-bb93-30813a461651"><testcase classname="backend.tests.test_iter33_reports.TestRejectedReport" name="test_rejected_no_filters" time="0.819" /><testcase classname="backend.tests.test_iter33_reports.TestRejectedReport" name="test_rejected_with_date_range" time="0.160" /><testcase classname="backend.tests.test_iter33_reports.TestRejectedReport" name="test_rejected_no_mongodb_id_leak" time="0.370" /><testcase classname="backend.tests.test_iter33_reports.TestGrowthPartnerReport" name="test_gp_basic" time="0.279" /><testcase classname="backend.tests.test_iter33_reports.TestGrowthPartnerReport" name="test_gp_row_shape" time="0.217" /><testcase classname="backend.tests.test_iter33_reports.TestQualityReport" name="test_quality_basic" time="0.181" /><testcase classname="backend.tests.test_iter33_reports.TestQualityReport" name="test_quality_with_loan_type_filter" time="0.144" /><testcase classname="backend.tests.test_iter33_reports.TestSalesOpsReport" name="test_sales_ops_basic" time="0.188" /><testcase classname="backend.tests.test_iter33_reports.TestAuthGuard" name="test_rejected_no_auth" time="0.165" /></testsuite></testsuites>