<?xml version="1.0" encoding="utf-8"?><testsuites name="pytest tests"><testsuite name="pytest" errors="0" failures="0" skipped="0" tests="9" time="1.956" timestamp="2026-09-02T07:33:14.547624+00:00" hostname="agent-env-2b646eb6-8851-4d2e-bb93-30813a461651"><testcase classname="backend.tests.test_palme_leave.TestLeaveBalance" name="test_balance_2026_accrual_from_september" time="0.692" /><testcase classname="backend.tests.test_palme_leave.TestLeaveBalance" name="test_balance_2025_from_january" time="0.134" /><testcase classname="backend.tests.test_palme_leave.TestPalmePolicy" name="test_policy_returns_rewards_and_penalties" time="0.152" /><testcase classname="backend.tests.test_palme_leave.TestMonthlySummary" name="test_monthly_summary_current" time="0.151" /><testcase classname="backend.tests.test_palme_leave.TestMonthlySummary" name="test_monthly_summary_specific" time="0.123" /><testcase classname="backend.tests.test_palme_leave.TestAllEmployees" name="test_all_employees_summary" time="0.127" /><testcase classname="backend.tests.test_palme_leave.TestAllEmployees" name="test_all_employees_2025" time="0.220" /><testcase classname="backend.tests.test_palme_leave.TestAuthGuard" name="test_policy_requires_auth" time="0.123" /><testcase classname="backend.tests.test_palme_leave.TestAuthGuard" name="test_all_employees_requires_admin" time="0.116" /></testsuite></testsuites>