<?xml version="1.0" encoding="utf-8"?><testsuites name="pytest tests"><testsuite name="pytest" errors="0" failures="0" skipped="0" tests="23" time="7.970" timestamp="2026-09-03T16:27:03.378935+00:00" hostname="agent-env-2b646eb6-8851-4d2e-bb93-30813a461651"><testcase classname="backend.tests.test_iter41_files_rbac" name="test_admin_files_page1" time="1.780" /><testcase classname="backend.tests.test_iter41_files_rbac" name="test_admin_files_page2" time="0.203" /><testcase classname="backend.tests.test_iter41_files_rbac" name="test_admin_filters[status=file]" time="0.314" /><testcase classname="backend.tests.test_iter41_files_rbac" name="test_admin_filters[search=a]" time="0.222" /><testcase classname="backend.tests.test_iter41_files_rbac" name="test_admin_filters[loan_type=Home Loan]" time="0.274" /><testcase classname="backend.tests.test_iter41_files_rbac" name="test_gp_scoping" time="0.164" /><testcase classname="backend.tests.test_iter41_files_rbac" name="test_tl_own" time="0.155" /><testcase classname="backend.tests.test_iter41_files_rbac" name="test_tl_team_view" time="0.192" /><testcase classname="backend.tests.test_iter41_files_rbac" name="test_manager_team" time="0.302" /><testcase classname="backend.tests.test_iter41_files_rbac" name="test_file_detail_uuid_and_objectid" time="0.811" /><testcase classname="backend.tests.test_iter41_files_rbac" name="test_reports[/api/files/dashboard/stats]" time="0.150" /><testcase classname="backend.tests.test_iter41_files_rbac" name="test_reports[/api/files/reports]" time="0.175" /><testcase classname="backend.tests.test_iter41_files_rbac" name="test_reports[/api/files/reports/daily]" time="0.184" /><testcase classname="backend.tests.test_iter41_files_rbac" name="test_reports[/api/files/reports/rejected]" time="0.352" /><testcase classname="backend.tests.test_iter41_files_rbac" name="test_reports[/api/files/reports/quality]" time="0.188" /><testcase classname="backend.tests.test_iter41_files_rbac" name="test_reports[/api/files/reports/bank-performance]" time="0.145" /><testcase classname="backend.tests.test_iter41_files_rbac" name="test_reports[/api/files/reports/tat-metrics]" time="0.259" /><testcase classname="backend.tests.test_iter41_files_rbac" name="test_reports[/api/files/reports/growth-partner]" time="0.184" /><testcase classname="backend.tests.test_iter41_files_rbac" name="test_reports[/api/files/commissions]" time="0.243" /><testcase classname="backend.tests.test_iter41_files_rbac" name="test_reports[/api/files/operations-team]" time="0.152" /><testcase classname="backend.tests.test_iter41_files_rbac" name="test_reports[/api/files/statuses]" time="0.169" /><testcase classname="backend.tests.test_iter41_files_rbac" name="test_users_counts" time="0.387" /><testcase classname="backend.tests.test_iter41_files_rbac" name="test_admin_save_flows" time="0.895" /></testsuite></testsuites>