<?xml version="1.0" encoding="utf-8"?><testsuites name="pytest tests"><testsuite name="pytest" errors="0" failures="0" skipped="0" tests="10" time="4.102" timestamp="2026-09-04T09:48:35.965520+00:00" hostname="agent-env-2b646eb6-8851-4d2e-bb93-30813a461651"><testcase classname="backend.tests.test_login_regression" name="test_valid_login[hr@neosales.in-Hr@BankEzee@$-hr]" time="0.551" /><testcase classname="backend.tests.test_login_regression" name="test_valid_login[admin@bankezee.com-ConnectSasha12!!-admin]" time="0.342" /><testcase classname="backend.tests.test_login_regression" name="test_valid_login[teja@bankezee.com-tejasme12-manager]" time="0.358" /><testcase classname="backend.tests.test_login_regression" name="test_valid_login[rama@bankezee.com-rama@bzc12-ops]" time="0.385" /><testcase classname="backend.tests.test_login_regression" name="test_valid_login[saikiran@bankezee.com-saikiran12-manager]" time="0.353" /><testcase classname="backend.tests.test_login_regression" name="test_valid_login[banothunithinnaik@gmail.com-Nithin@123-growth_partner]" time="0.351" /><testcase classname="backend.tests.test_login_regression" name="test_hr_old_password_rejected" time="0.329" /><testcase classname="backend.tests.test_login_regression" name="test_wrong_password_rejected" time="0.340" /><testcase classname="backend.tests.test_login_regression" name="test_unknown_email_rejected" time="0.137" /><testcase classname="backend.tests.test_login_regression" name="test_hr_login_persists_after_second_attempt" time="0.782" /></testsuite></testsuites>