<?xml version="1.0" encoding="utf-8"?><testsuites name="pytest tests"><testsuite name="pytest" errors="0" failures="0" skipped="0" tests="5" time="0.417" timestamp="2026-09-09T15:05:50.260416+00:00" hostname="agent-env-2b646eb6-8851-4d2e-bb93-30813a461651"><testcase classname="tests.test_iter61_meta_email_and_settings" name="test_resolve_sender_returns_bankezee_format" time="0.087" /><testcase classname="tests.test_iter61_meta_email_and_settings" name="test_get_integrations_has_sender_name" time="0.255" /><testcase classname="tests.test_iter61_meta_email_and_settings" name="test_post_integrations_accepts_sender_name" time="0.008" /><testcase classname="tests.test_iter61_meta_email_and_settings" name="test_meta_reports_summary_lifetime" time="0.008" /><testcase classname="tests.test_iter61_meta_email_and_settings" name="test_meta_reports_hourly" time="0.007" /></testsuite></testsuites>