<?xml version="1.0" encoding="utf-8"?><testsuites name="pytest tests"><testsuite name="pytest" errors="0" failures="1" skipped="0" tests="9" time="3.440" timestamp="2026-09-02T16:17:32.751659+00:00" hostname="agent-env-2b646eb6-8851-4d2e-bb93-30813a461651"><testcase classname="backend.tests.test_iter34_data_to_file" name="test_admin_login" time="0.563" /><testcase classname="backend.tests.test_iter34_data_to_file" name="test_anusha_login" time="0.427" /><testcase classname="backend.tests.test_iter34_data_to_file" name="test_anusha_sees_mapped_files" time="0.268" /><testcase classname="backend.tests.test_iter34_data_to_file" name="test_anusha_can_view_file_detail" time="0.165" /><testcase classname="backend.tests.test_iter34_data_to_file" name="test_admin_can_view_same_file" time="0.707" /><testcase classname="backend.tests.test_iter34_data_to_file" name="test_convert_to_file_idempotent" time="0.208" /><testcase classname="backend.tests.test_iter34_data_to_file" name="test_gp_cannot_edit_bank_eligibilities" time="0.148" /><testcase classname="backend.tests.test_iter34_data_to_file" name="test_admin_can_edit_bank_eligibilities" time="0.584" /><testcase classname="backend.tests.test_iter34_data_to_file" name="test_gp_can_edit_customer_info" time="0.292"><failure message="AssertionError: GP should edit customer info, got 405: {&quot;detail&quot;:&quot;Method Not Allowed&quot;}&#10;assert 405 in (200, 204)&#10; +  where 405 = &lt;Response [405]&gt;.status_code">backend/tests/test_iter34_data_to_file.py:165: in test_gp_can_edit_customer_info
    assert r.status_code in (200, 204), \
E   AssertionError: GP should edit customer info, got 405: {"detail":"Method Not Allowed"}
E   assert 405 in (200, 204)
E    +  where 405 = &lt;Response [405]&gt;.status_code</failure></testcase></testsuite></testsuites>