<?xml version="1.0" encoding="utf-8"?><testsuites name="pytest tests"><testsuite name="pytest" errors="0" failures="0" skipped="0" tests="13" time="3.521" timestamp="2026-09-02T07:17:31.249512+00:00" hostname="agent-env-2b646eb6-8851-4d2e-bb93-30813a461651"><testcase classname="backend.tests.test_iter25_prod_repair" name="test_leave_balance_current_year" time="0.956" /><testcase classname="backend.tests.test_iter25_prod_repair" name="test_leave_balance_year_2026_september" time="0.207" /><testcase classname="backend.tests.test_iter25_prod_repair" name="test_leave_balance_past_year" time="0.147" /><testcase classname="backend.tests.test_iter25_prod_repair" name="test_monthly_attendance_summary" time="0.289" /><testcase classname="backend.tests.test_iter25_prod_repair" name="test_monthly_attendance_summary_with_params" time="0.146" /><testcase classname="backend.tests.test_iter25_prod_repair" name="test_my_hourly_report" time="0.191" /><testcase classname="backend.tests.test_iter25_prod_repair" name="test_distinct_call_outcomes" time="0.301" /><testcase classname="backend.tests.test_iter25_prod_repair" name="test_stats_endpoint_basic" time="0.164" /><testcase classname="backend.tests.test_iter25_prod_repair" name="test_stats_endpoint_with_search" time="0.145" /><testcase classname="backend.tests.test_iter25_prod_repair" name="test_stats_endpoint_with_assigned_to_all" time="0.181" /><testcase classname="backend.tests.test_iter25_prod_repair" name="test_never_called_count_consistency" time="0.340" /><testcase classname="backend.tests.test_iter25_prod_repair" name="test_switched_off_filter" time="0.177" /><testcase classname="backend.tests.test_iter25_prod_repair" name="test_files_reports_daily" time="0.170" /></testsuite></testsuites>