<?xml version="1.0" encoding="utf-8"?><testsuites name="pytest tests"><testsuite name="pytest" errors="0" failures="0" skipped="0" tests="9" time="3.025" timestamp="2026-09-02T09:15:03.948960+00:00" hostname="agent-env-2b646eb6-8851-4d2e-bb93-30813a461651"><testcase classname="backend.tests.test_iter28_legacy_import" name="test_dashboard_stats_totals" time="0.789" /><testcase classname="backend.tests.test_iter28_legacy_import" name="test_files_list_returns_legacy" time="0.283" /><testcase classname="backend.tests.test_iter28_legacy_import" name="test_file_detail_legacy_with_activities" time="0.803" /><testcase classname="backend.tests.test_iter28_legacy_import" name="test_reports_daily" time="0.157" /><testcase classname="backend.tests.test_iter28_legacy_import" name="test_reports_rejected" time="0.340" /><testcase classname="backend.tests.test_iter28_legacy_import" name="test_reports_growth_partner" time="0.167" /><testcase classname="backend.tests.test_iter28_legacy_import" name="test_reports_bank_performance" time="0.152" /><testcase classname="backend.tests.test_iter28_legacy_import" name="test_reports_quality" time="0.133" /><testcase classname="backend.tests.test_iter28_legacy_import" name="test_bank_policies_count" time="0.135" /></testsuite></testsuites>