<?xml version="1.0" encoding="utf-8"?><testsuites name="pytest tests"><testsuite name="pytest" errors="0" failures="1" skipped="0" tests="8" time="2.433" timestamp="2026-09-02T09:58:37.540847+00:00" hostname="agent-env-2b646eb6-8851-4d2e-bb93-30813a461651"><testcase classname="backend.tests.test_iter29_crm_port" name="test_statuses_returns_24_grouped_by_category" time="0.292" /><testcase classname="backend.tests.test_iter29_crm_port" name="test_dashboard_stats_total_files_519" time="0.560" /><testcase classname="backend.tests.test_iter29_crm_port" name="test_rejected_report_has_bank_summary" time="0.432" /><testcase classname="backend.tests.test_iter29_crm_port" name="test_growth_partner_report_current_and_spillover" time="0.167" /><testcase classname="backend.tests.test_iter29_crm_port" name="test_growth_partner_report_with_date_range" time="0.193" /><testcase classname="backend.tests.test_iter29_crm_port" name="test_file_detail_has_all_sections" time="0.273" /><testcase classname="backend.tests.test_iter29_crm_port" name="test_star_rating_endpoint" time="0.132" /><testcase classname="backend.tests.test_iter29_crm_port" name="test_update_file_details_persists" time="0.259"><failure message="AssertionError: loan_amount_required not persisted: 1000000&#10;assert (False or '1000000' == 500000)&#10; +  where False = &lt;built-in method startswith of str object at 0xf970abc39930&gt;('500000')&#10; +    where &lt;built-in method startswith of str object at 0xf970abc39930&gt; = '1000000'.startswith&#10; +      where '1000000' = str('1000000')&#10; +        where '1000000' = &lt;built-in method get of dict object at 0xf970abc2bf80&gt;('loan_amount_required', '')&#10; +          where &lt;built-in method get of dict object at 0xf970abc2bf80&gt; = {'cibil_score': '751', 'company_name': 'Government of Telangana ', 'current_address': '6-3-1192/22/a/1/2 ward 6 kundan bagh secunderabad Begumpet Hyderabad Telangana 500016', 'existing_loan_1': 'Sbi 14839 emi pl', ...}.get&#10; +  and   '1000000' = &lt;built-in method get of dict object at 0xf970abc2bf80&gt;('loan_amount_required')&#10; +    where &lt;built-in method get of dict object at 0xf970abc2bf80&gt; = {'cibil_score': '751', 'company_name': 'Government of Telangana ', 'current_address': '6-3-1192/22/a/1/2 ward 6 kundan bagh secunderabad Begumpet Hyderabad Telangana 500016', 'existing_loan_1': 'Sbi 14839 emi pl', ...}.get">backend/tests/test_iter29_crm_port.py:191: in test_update_file_details_persists
    assert str(fd.get("loan_amount_required", "")).startswith("500000") or fd.get("loan_amount_required") == 500000, \
E   AssertionError: loan_amount_required not persisted: 1000000
E   assert (False or '1000000' == 500000)
E    +  where False = &lt;built-in method startswith of str object at 0xf970abc39930&gt;('500000')
E    +    where &lt;built-in method startswith of str object at 0xf970abc39930&gt; = '1000000'.startswith
E    +      where '1000000' = str('1000000')
E    +        where '1000000' = &lt;built-in method get of dict object at 0xf970abc2bf80&gt;('loan_amount_required', '')
E    +          where &lt;built-in method get of dict object at 0xf970abc2bf80&gt; = {'cibil_score': '751', 'company_name': 'Government of Telangana ', 'current_address': '6-3-1192/22/a/1/2 ward 6 kundan bagh secunderabad Begumpet Hyderabad Telangana 500016', 'existing_loan_1': 'Sbi 14839 emi pl', ...}.get
E    +  and   '1000000' = &lt;built-in method get of dict object at 0xf970abc2bf80&gt;('loan_amount_required')
E    +    where &lt;built-in method get of dict object at 0xf970abc2bf80&gt; = {'cibil_score': '751', 'company_name': 'Government of Telangana ', 'current_address': '6-3-1192/22/a/1/2 ward 6 kundan bagh secunderabad Begumpet Hyderabad Telangana 500016', 'existing_loan_1': 'Sbi 14839 emi pl', ...}.get</failure></testcase></testsuite></testsuites>