<?xml version="1.0" encoding="utf-8"?><testsuites name="pytest tests"><testsuite name="pytest" errors="0" failures="0" skipped="0" tests="28" time="8.317" timestamp="2026-09-08T16:13:25.493765+00:00" hostname="agent-env-2b646eb6-8851-4d2e-bb93-30813a461651"><testcase classname="backend.tests.test_iter54_meta_parity.TestIdentity" name="test_admin_me" time="2.218" /><testcase classname="backend.tests.test_iter54_meta_parity.TestIdentity" name="test_ops_me" time="0.150" /><testcase classname="backend.tests.test_iter54_meta_parity.TestIdentity" name="test_processor_me" time="0.138" /><testcase classname="backend.tests.test_iter54_meta_parity.TestIdentity" name="test_gp_me" time="0.122" /><testcase classname="backend.tests.test_iter54_meta_parity.TestDashboard" name="test_admin_stats" time="0.138" /><testcase classname="backend.tests.test_iter54_meta_parity.TestDashboard" name="test_sync_now" time="0.715" /><testcase classname="backend.tests.test_iter54_meta_parity.TestLeads" name="test_admin_list_all" time="0.153" /><testcase classname="backend.tests.test_iter54_meta_parity.TestLeads" name="test_admin_search_and_filter" time="0.149" /><testcase classname="backend.tests.test_iter54_meta_parity.TestLeads" name="test_gp_scoping" time="0.366" /><testcase classname="backend.tests.test_iter54_meta_parity.TestLeads" name="test_processor_scoping" time="0.298" /><testcase classname="backend.tests.test_iter54_meta_parity.TestForbidden" name="test_gp_cannot_bulk_assign" time="0.130" /><testcase classname="backend.tests.test_iter54_meta_parity.TestForbidden" name="test_gp_cannot_bulk_delete" time="0.146" /><testcase classname="backend.tests.test_iter54_meta_parity.TestForbidden" name="test_ops_cannot_bulk_delete" time="0.148" /><testcase classname="backend.tests.test_iter54_meta_parity.TestForbidden" name="test_non_admin_user_mgmt" time="0.463" /><testcase classname="backend.tests.test_iter54_meta_parity.TestReports" name="test_files_stats" time="0.153" /><testcase classname="backend.tests.test_iter54_meta_parity.TestReports" name="test_files_report" time="0.329" /><testcase classname="backend.tests.test_iter54_meta_parity.TestReports" name="test_files_report_export_csv" time="0.127" /><testcase classname="backend.tests.test_iter54_meta_parity.TestReports" name="test_call_logs" time="0.168" /><testcase classname="backend.tests.test_iter54_meta_parity.TestReports" name="test_partners" time="0.166" /><testcase classname="backend.tests.test_iter54_meta_parity.TestReports" name="test_processors" time="0.135" /><testcase classname="backend.tests.test_iter54_meta_parity.TestReports" name="test_processors_workload" time="0.175" /><testcase classname="backend.tests.test_iter54_meta_parity.TestReports" name="test_user_management_admin" time="0.214" /><testcase classname="backend.tests.test_iter54_meta_parity.TestLeadWrite" name="test_admin_add_note" time="0.343" /><testcase classname="backend.tests.test_iter54_meta_parity.TestLeadWrite" name="test_admin_status_change" time="0.335" /><testcase classname="backend.tests.test_iter54_meta_parity.TestConnectRegression" name="test_auth_me" time="0.142" /><testcase classname="backend.tests.test_iter54_meta_parity.TestConnectRegression" name="test_files_dashboard_stats" time="0.155" /><testcase classname="backend.tests.test_iter54_meta_parity.TestConnectRegression" name="test_leads_list" time="0.272" /><testcase classname="backend.tests.test_iter54_meta_parity.TestConnectRegression" name="test_users_list" time="0.184" /></testsuite></testsuites>