<?xml version="1.0" encoding="utf-8"?><testsuites name="pytest tests"><testsuite name="pytest" errors="0" failures="0" skipped="0" tests="9" time="2.634" timestamp="2026-09-08T19:17:32.372102+00:00" hostname="agent-env-2b646eb6-8851-4d2e-bb93-30813a461651"><testcase classname="backend.tests.test_iter56_meta_compat.TestAdminCompatFileDetail" name="test_bank_names" time="0.574" /><testcase classname="backend.tests.test_iter56_meta_compat.TestAdminCompatFileDetail" name="test_get_file" time="0.087" /><testcase classname="backend.tests.test_iter56_meta_compat.TestAdminCompatFileDetail" name="test_update_details_persist" time="0.189" /><testcase classname="backend.tests.test_iter56_meta_compat.TestAdminCompatFileDetail" name="test_update_eligibilities_and_commission" time="0.095" /><testcase classname="backend.tests.test_iter56_meta_compat.TestAdminCompatFileDetail" name="test_status_update" time="0.094" /><testcase classname="backend.tests.test_iter56_meta_compat.TestAdminCompatFileDetail" name="test_add_note" time="0.097" /><testcase classname="backend.tests.test_iter56_meta_compat.TestGPScoping" name="test_gp_own_file_and_forbidden_other" time="0.864" /><testcase classname="backend.tests.test_iter56_meta_compat.TestMetaUserManagement" name="test_patch_and_persist" time="0.373" /><testcase classname="backend.tests.test_iter56_meta_compat.TestConnectRegression" name="test_connect_file_detail_unchanged" time="0.192" /></testsuite></testsuites>