<?xml version="1.0" encoding="utf-8"?><testsuites name="pytest tests"><testsuite name="pytest" errors="0" failures="0" skipped="0" tests="7" time="2.089" timestamp="2026-09-01T05:15:37.227993+00:00" hostname="agent-env-2b646eb6-8851-4d2e-bb93-30813a461651"><testcase classname="backend.tests.test_leads_pagination.TestLeadsPagination" name="test_admin_leads_paginated_response" time="0.675" /><testcase classname="backend.tests.test_leads_pagination.TestLeadsPagination" name="test_admin_leads_default_count_matches" time="0.165" /><testcase classname="backend.tests.test_leads_pagination.TestLeadsPagination" name="test_page_size_param" time="0.126" /><testcase classname="backend.tests.test_leads_pagination.TestLeadsPagination" name="test_page_size_min_validation" time="0.136" /><testcase classname="backend.tests.test_leads_pagination.TestLeadsPagination" name="test_telecaller_leads_paginated" time="0.470" /><testcase classname="backend.tests.test_leads_pagination.TestLeadsPagination" name="test_no_mongodb_id_in_response" time="0.195" /><testcase classname="backend.tests.test_leads_pagination.TestLeadsPagination" name="test_unauthenticated_rejected" time="0.182" /></testsuite></testsuites>