<?xml version="1.0" encoding="utf-8"?><testsuites name="pytest tests"><testsuite name="pytest" errors="0" failures="0" skipped="0" tests="22" time="4.875" timestamp="2026-09-09T15:28:50.790130+00:00" hostname="agent-env-2b646eb6-8851-4d2e-bb93-30813a461651"><testcase classname="backend.tests.test_iter62_tl_layer.TestScoping" name="test_tl_meta_for_tl" time="0.555" /><testcase classname="backend.tests.test_iter62_tl_layer.TestScoping" name="test_tl_meta_for_admin" time="0.491" /><testcase classname="backend.tests.test_iter62_tl_layer.TestScoping" name="test_non_tl_gp_blocked" time="0.562" /><testcase classname="backend.tests.test_iter62_tl_layer.TestAcceptanceFlow" name="test_gp_calls_before" time="0.307" /><testcase classname="backend.tests.test_iter62_tl_layer.TestAcceptanceFlow" name="test_tl_call_back" time="0.160" /><testcase classname="backend.tests.test_iter62_tl_layer.TestAcceptanceFlow" name="test_tl_call_conversion" time="0.164" /><testcase classname="backend.tests.test_iter62_tl_layer.TestAcceptanceFlow" name="test_lead_ownership_preserved" time="0.076" /><testcase classname="backend.tests.test_iter62_tl_layer.TestAcceptanceFlow" name="test_gp_call_logs_unchanged" time="0.003" /><testcase classname="backend.tests.test_iter62_tl_layer.TestCallLogs" name="test_tl_call_logs_list" time="0.135" /><testcase classname="backend.tests.test_iter62_tl_layer.TestCallLogs" name="test_filter_outcome" time="0.141" /><testcase classname="backend.tests.test_iter62_tl_layer.TestCallLogs" name="test_filter_converted_yes" time="0.150" /><testcase classname="backend.tests.test_iter62_tl_layer.TestReports" name="test_summary" time="0.142" /><testcase classname="backend.tests.test_iter62_tl_layer.TestReports" name="test_hourly" time="0.137" /><testcase classname="backend.tests.test_iter62_tl_layer.TestReports" name="test_conversion" time="0.135" /><testcase classname="backend.tests.test_iter62_tl_layer.TestCrossTeamForbidden" name="test_post_call_on_out_of_team_lead" time="0.533" /><testcase classname="backend.tests.test_iter62_tl_layer.TestAdminScope" name="test_admin_leads" time="0.136" /><testcase classname="backend.tests.test_iter62_tl_layer.TestAdminScope" name="test_admin_reports_summary" time="0.158" /><testcase classname="backend.tests.test_iter62_tl_layer.TestRegression" name="test_gp_reports_telecallers" time="0.166" /><testcase classname="backend.tests.test_iter62_tl_layer.TestRegression" name="test_gp_reports_hourly" time="0.161" /><testcase classname="backend.tests.test_iter62_tl_layer.TestRegression" name="test_dashboard_stats" time="0.175" /><testcase classname="backend.tests.test_iter62_tl_layer.TestRegression" name="test_meta_reports_summary" time="0.184" /><testcase classname="backend.tests.test_iter62_tl_layer.TestRegression" name="test_meta_reports_hourly" time="0.143" /></testsuite></testsuites>