<?xml version="1.0" encoding="utf-8"?><testsuites name="pytest tests"><testsuite name="pytest" errors="0" failures="0" skipped="0" tests="15" time="2.923" timestamp="2026-08-27T07:12:31.631210+00:00" hostname="agent-env-2b646eb6-8851-4d2e-bb93-30813a461651"><testcase classname="backend.tests.test_leads_filters.TestLeadsFilter" name="test_list_leads_default" time="0.606" /><testcase classname="backend.tests.test_leads_filters.TestLeadsFilter" name="test_search_by_name" time="0.313" /><testcase classname="backend.tests.test_leads_filters.TestLeadsFilter" name="test_search_by_phone" time="0.305" /><testcase classname="backend.tests.test_leads_filters.TestLeadsFilter" name="test_filter_by_status[follow_up]" time="0.157" /><testcase classname="backend.tests.test_leads_filters.TestLeadsFilter" name="test_filter_by_status[leads]" time="0.106" /><testcase classname="backend.tests.test_leads_filters.TestLeadsFilter" name="test_filter_by_status[file]" time="0.121" /><testcase classname="backend.tests.test_leads_filters.TestLeadsFilter" name="test_filter_by_status[not_interested]" time="0.125" /><testcase classname="backend.tests.test_leads_filters.TestLeadsFilter" name="test_filter_by_call_outcome[connected]" time="0.150" /><testcase classname="backend.tests.test_leads_filters.TestLeadsFilter" name="test_filter_by_call_outcome[no_answer]" time="0.146" /><testcase classname="backend.tests.test_leads_filters.TestLeadsFilter" name="test_filter_by_call_outcome[switched_off]" time="0.121" /><testcase classname="backend.tests.test_leads_filters.TestLeadsFilter" name="test_filter_by_call_outcome[not_connecting]" time="0.104" /><testcase classname="backend.tests.test_leads_filters.TestLeadsFilter" name="test_filter_by_call_outcome[busy]" time="0.151" /><testcase classname="backend.tests.test_leads_filters.TestLeadsFilter" name="test_filter_by_call_outcome[wrong_number]" time="0.141" /><testcase classname="backend.tests.test_leads_filters.TestLeadsFilter" name="test_filter_by_call_outcome[voicemail]" time="0.126" /><testcase classname="backend.tests.test_leads_filters.TestLeadsFilter" name="test_combined_status_and_outcome_filter" time="0.094" /></testsuite></testsuites>