<?xml version="1.0" encoding="utf-8"?><testsuites name="pytest tests"><testsuite name="pytest" errors="0" failures="0" skipped="0" tests="23" time="5.090" timestamp="2026-09-08T12:37:22.085308+00:00" hostname="agent-env-2b646eb6-8851-4d2e-bb93-30813a461651"><testcase classname="backend.tests.test_meta_module.TestAccessOff" name="test_admin_has_no_meta_access_in_login" time="0.407" /><testcase classname="backend.tests.test_meta_module.TestAccessOff" name="test_admin_meta_me_403" time="0.162" /><testcase classname="backend.tests.test_meta_module.TestAccessOff" name="test_admin_meta_leads_403" time="0.129" /><testcase classname="backend.tests.test_meta_module.TestGrowthPartner" name="test_gp_login_has_meta_access" time="0.360" /><testcase classname="backend.tests.test_meta_module.TestGrowthPartner" name="test_gp_me" time="0.182" /><testcase classname="backend.tests.test_meta_module.TestGrowthPartner" name="test_gp_leads_scoped" time="0.255" /><testcase classname="backend.tests.test_meta_module.TestGrowthPartner" name="test_gp_lead_detail" time="0.130" /><testcase classname="backend.tests.test_meta_module.TestGrowthPartner" name="test_gp_status_change_persists_activity" time="0.139" /><testcase classname="backend.tests.test_meta_module.TestGrowthPartner" name="test_gp_add_note" time="0.194" /><testcase classname="backend.tests.test_meta_module.TestGrowthPartner" name="test_gp_cannot_assign" time="0.147" /><testcase classname="backend.tests.test_meta_module.TestGrowthPartner" name="test_gp_cannot_list_partners" time="0.154" /><testcase classname="backend.tests.test_meta_module.TestGrowthPartner" name="test_gp_cannot_list_users" time="0.132" /><testcase classname="backend.tests.test_meta_module.TestGrowthPartner" name="test_gp_cannot_access_user_mgmt" time="0.150" /><testcase classname="backend.tests.test_meta_module.TestProcessor" name="test_proc_login_has_meta_access" time="0.395" /><testcase classname="backend.tests.test_meta_module.TestProcessor" name="test_proc_leads_scoped" time="0.145" /><testcase classname="backend.tests.test_meta_module.TestProcessor" name="test_proc_files_pending" time="0.163" /><testcase classname="backend.tests.test_meta_module.TestProcessor" name="test_proc_file_download_409" time="0.292" /><testcase classname="backend.tests.test_meta_module.TestAdminUserMgmt" name="test_admin_can_view_user_mgmt" time="0.151" /><testcase classname="backend.tests.test_meta_module.TestAdminUserMgmt" name="test_proc_cannot_view_user_mgmt" time="0.146" /><testcase classname="backend.tests.test_meta_module.TestAdminUserMgmt" name="test_duplicate_meta_mapping_rejected" time="0.290" /><testcase classname="backend.tests.test_meta_module.TestConnectRegression" name="test_admin_dashboard" time="0.499" /><testcase classname="backend.tests.test_meta_module.TestConnectRegression" name="test_manager_files_load" time="0.176" /><testcase classname="backend.tests.test_meta_module.TestConnectRegression" name="test_gp_leads_load" time="0.196" /></testsuite></testsuites>