<?xml version="1.0" encoding="utf-8"?><testsuites name="pytest tests"><testsuite name="pytest" errors="0" failures="0" skipped="0" tests="2" time="1.221" timestamp="2026-09-01T14:26:33.237650+00:00" hostname="agent-env-2b646eb6-8851-4d2e-bb93-30813a461651"><testcase classname="backend.tests.test_files_dashboard_stats" name="test_dashboard_stats_endpoint" time="0.873" /><testcase classname="backend.tests.test_files_dashboard_stats" name="test_files_list_endpoint" time="0.171" /></testsuite></testsuites>