<?xml version="1.0" encoding="utf-8"?><testsuites name="pytest tests"><testsuite name="pytest" errors="0" failures="0" skipped="0" tests="12" time="6.048" timestamp="2026-03-11T11:53:15.445562+00:00" hostname="agent-env-5b12da8d-cbe4-40d7-a8d5-d1162afbb7c7"><testcase classname="backend.tests.test_reporting_enhancements.TestStatusEndpoint" name="test_statuses_contains_file" time="0.571" /><testcase classname="backend.tests.test_reporting_enhancements.TestHourlyReport" name="test_hourly_report_structure" time="0.638" /><testcase classname="backend.tests.test_reporting_enhancements.TestHourlyReport" name="test_hourly_report_telecaller_fields" time="0.450" /><testcase classname="backend.tests.test_reporting_enhancements.TestHourlyReport" name="test_overall_hourly_fields" time="0.482" /><testcase classname="backend.tests.test_reporting_enhancements.TestTelecallerReports" name="test_telecaller_reports_structure" time="0.458" /><testcase classname="backend.tests.test_reporting_enhancements.TestTelecallerReports" name="test_overall_stats_has_file_and_presentations" time="0.528" /><testcase classname="backend.tests.test_reporting_enhancements.TestTelecallerReports" name="test_telecaller_has_file_and_presentations" time="0.434" /><testcase classname="backend.tests.test_reporting_enhancements.TestActivityLogs" name="test_activity_logs_grouped_by_default" time="0.438" /><testcase classname="backend.tests.test_reporting_enhancements.TestActivityLogs" name="test_activity_logs_grouped_param" time="0.469" /><testcase classname="backend.tests.test_reporting_enhancements.TestActivityLogs" name="test_activity_logs_ungrouped" time="0.468" /><testcase classname="backend.tests.test_reporting_enhancements.TestDashboardStats" name="test_admin_dashboard_has_file_status" time="0.467" /><testcase classname="backend.tests.test_reporting_enhancements.TestTelecallerDashboard" name="test_telecaller_dashboard_has_file_status" time="0.454" /></testsuite></testsuites>