<?xml version="1.0" encoding="utf-8"?><testsuites name="pytest tests"><testsuite name="pytest" errors="0" failures="0" skipped="2" tests="14" time="5.256" timestamp="2026-09-02T17:19:43.749076+00:00" hostname="agent-env-2b646eb6-8851-4d2e-bb93-30813a461651"><testcase classname="backend.tests.test_rbac_phase1" name="test_seeded_account_login[admin]" time="0.571" /><testcase classname="backend.tests.test_rbac_phase1" name="test_seeded_account_login[hr]" time="0.415" /><testcase classname="backend.tests.test_rbac_phase1" name="test_seeded_account_login[manager_teja]" time="0.405" /><testcase classname="backend.tests.test_rbac_phase1" name="test_seeded_account_login[manager_saikiran]" time="0.348" /><testcase classname="backend.tests.test_rbac_phase1" name="test_seeded_account_login[ops_rama]" time="0.379" /><testcase classname="backend.tests.test_rbac_phase1" name="test_seeded_account_login[ops]" time="0.368" /><testcase classname="backend.tests.test_rbac_phase1" name="test_hierarchy_stats" time="0.622" /><testcase classname="backend.tests.test_rbac_phase1" name="test_managers_list" time="0.304" /><testcase classname="backend.tests.test_rbac_phase1" name="test_team_leads_list" time="0.308" /><testcase classname="backend.tests.test_rbac_phase1" name="test_team_leads_filtered_by_manager" time="0.350" /><testcase classname="backend.tests.test_rbac_phase1" name="test_users_list_contains_rbac_fields" time="0.192" /><testcase classname="backend.tests.test_rbac_phase1" name="test_role_hierarchy_update_toggle_tl" time="0.151"><skipped type="pytest.skip" message="No growth_partner users available">/app/backend/tests/test_rbac_phase1.py:134: No growth_partner users available</skipped></testcase><testcase classname="backend.tests.test_rbac_phase1" name="test_role_hierarchy_invalid_role" time="0.176"><skipped type="pytest.skip" message="No users">/app/backend/tests/test_rbac_phase1.py:168: No users</skipped></testcase><testcase classname="backend.tests.test_rbac_phase1" name="test_role_hierarchy_requires_admin" time="0.535" /></testsuite></testsuites>