<?xml version="1.0" encoding="utf-8"?><testsuites name="pytest tests"><testsuite name="pytest" errors="0" failures="0" skipped="0" tests="9" time="1.612" timestamp="2026-08-26T07:59:54.782870+00:00" hostname="agent-env-2b646eb6-8851-4d2e-bb93-30813a461651"><testcase classname="backend.tests.test_reports_performance.TestReportsPerformance" name="test_login_works" time="0.415" /><testcase classname="backend.tests.test_reports_performance.TestReportsPerformance" name="test_summary_telecallers_today" time="0.128" /><testcase classname="backend.tests.test_reports_performance.TestReportsPerformance" name="test_summary_this_month" time="0.134" /><testcase classname="backend.tests.test_reports_performance.TestReportsPerformance" name="test_summary_all_time" time="0.147" /><testcase classname="backend.tests.test_reports_performance.TestReportsPerformance" name="test_hourly_report" time="0.155" /><testcase classname="backend.tests.test_reports_performance.TestReportsPerformance" name="test_activity_logs" time="0.102" /><testcase classname="backend.tests.test_reports_performance.TestReportsPerformance" name="test_detailed_calls" time="0.098" /><testcase classname="backend.tests.test_reports_performance.TestReportsPerformance" name="test_dashboard_stats" time="0.119" /><testcase classname="backend.tests.test_reports_performance.TestReportsPerformance" name="test_users_telecallers" time="0.101" /></testsuite></testsuites>