<?xml version="1.0" encoding="utf-8"?><testsuites name="pytest tests"><testsuite name="pytest" errors="0" failures="0" skipped="0" tests="15" time="3.888" timestamp="2026-09-01T05:34:11.109274+00:00" hostname="agent-env-2b646eb6-8851-4d2e-bb93-30813a461651"><testcase classname="backend.tests.test_stage_6_9_leave_wfh_cleanup.TestLeaveBalance" name="test_get_leave_balance" time="0.653" /><testcase classname="backend.tests.test_stage_6_9_leave_wfh_cleanup.TestLeaveRequests" name="test_submit_leave_request_weekday" time="0.111" /><testcase classname="backend.tests.test_stage_6_9_leave_wfh_cleanup.TestLeaveRequests" name="test_invalid_leave_type" time="0.098" /><testcase classname="backend.tests.test_stage_6_9_leave_wfh_cleanup.TestLeaveRequests" name="test_end_before_start" time="0.129" /><testcase classname="backend.tests.test_stage_6_9_leave_wfh_cleanup.TestLeaveRequests" name="test_get_my_leave_requests" time="0.151" /><testcase classname="backend.tests.test_stage_6_9_leave_wfh_cleanup.TestLeaveRequests" name="test_pending_requires_hr_or_admin" time="0.581" /><testcase classname="backend.tests.test_stage_6_9_leave_wfh_cleanup.TestLeaveRequests" name="test_approve_leave_request" time="0.234" /><testcase classname="backend.tests.test_stage_6_9_leave_wfh_cleanup.TestWFH" name="test_submit_wfh_request" time="0.189" /><testcase classname="backend.tests.test_stage_6_9_leave_wfh_cleanup.TestHRRBAC" name="test_hr_cannot_access_leads" time="0.923" /><testcase classname="backend.tests.test_stage_6_9_leave_wfh_cleanup.TestHRRBAC" name="test_hr_can_access_leave_pending" time="0.120" /><testcase classname="backend.tests.test_stage_6_9_leave_wfh_cleanup.TestHRRBAC" name="test_hr_can_access_leave_balance" time="0.121" /><testcase classname="backend.tests.test_stage_6_9_leave_wfh_cleanup.TestDataCleanup" name="test_stats" time="0.107" /><testcase classname="backend.tests.test_stage_6_9_leave_wfh_cleanup.TestDataCleanup" name="test_analysis" time="0.128" /><testcase classname="backend.tests.test_stage_6_9_leave_wfh_cleanup.TestDataCleanup" name="test_deduplicate_dry_run" time="0.116" /><testcase classname="backend.tests.test_stage_6_9_leave_wfh_cleanup.TestDataCleanup" name="test_cleanup_requires_admin" time="0.155" /></testsuite></testsuites>