<?xml version="1.0" encoding="utf-8"?><testsuites name="pytest tests"><testsuite name="pytest" errors="0" failures="0" skipped="0" tests="11" time="3.252" timestamp="2026-09-02T17:43:19.921317+00:00" hostname="agent-env-2b646eb6-8851-4d2e-bb93-30813a461651"><testcase classname="backend.tests.test_tl_team_tabs.TestMyTeam" name="test_tl_can_access_my_team" time="0.801" /><testcase classname="backend.tests.test_tl_team_tabs.TestMyTeam" name="test_regular_gp_cannot_access_my_team" time="0.638" /><testcase classname="backend.tests.test_tl_team_tabs.TestMyTeam" name="test_unauth_cannot_access_my_team" time="0.157" /><testcase classname="backend.tests.test_tl_team_tabs.TestTeamLeads" name="test_tl_team_view_leads" time="0.199" /><testcase classname="backend.tests.test_tl_team_tabs.TestTeamLeads" name="test_gp_team_view_leads_denied_or_empty" time="0.161" /><testcase classname="backend.tests.test_tl_team_tabs.TestTeamFiles" name="test_tl_team_view_files" time="0.231" /><testcase classname="backend.tests.test_tl_team_tabs.TestTeamFiles" name="test_gp_team_view_files" time="0.187" /><testcase classname="backend.tests.test_tl_team_tabs.TestTeamCalls" name="test_tl_team_calls" time="0.174" /><testcase classname="backend.tests.test_tl_team_tabs.TestTeamCalls" name="test_gp_cannot_access_team_calls" time="0.145" /><testcase classname="backend.tests.test_tl_team_tabs.TestUserFlags" name="test_tl_user_has_is_tl_true" time="0.235" /><testcase classname="backend.tests.test_tl_team_tabs.TestUserFlags" name="test_gp_user_has_is_tl_false" time="0.185" /></testsuite></testsuites>